<!DOCTYPE html>
<html>
  <head>
    <meta charset="utf-8"/>
    <title id="head-title">report.html</title>
      <style type="text/css">body {
  font-family: Helvetica, Arial, sans-serif;
  font-size: 12px;
  /* do not increase min-width as some may use split screens */
  min-width: 800px;
  color: #999;
}

h1 {
  font-size: 24px;
  color: black;
}

h2 {
  font-size: 16px;
  color: black;
}

p {
  color: black;
}

a {
  color: #999;
}

table {
  border-collapse: collapse;
}

/******************************
 * SUMMARY INFORMATION
 ******************************/
#environment td {
  padding: 5px;
  border: 1px solid #e6e6e6;
  vertical-align: top;
}
#environment tr:nth-child(odd) {
  background-color: #f6f6f6;
}
#environment ul {
  margin: 0;
  padding: 0 20px;
}

/******************************
 * TEST RESULT COLORS
 ******************************/
span.passed,
.passed .col-result {
  color: green;
}

span.skipped,
span.xfailed,
span.rerun,
.skipped .col-result,
.xfailed .col-result,
.rerun .col-result {
  color: orange;
}

span.error,
span.failed,
span.xpassed,
.error .col-result,
.failed .col-result,
.xpassed .col-result {
  color: red;
}

.col-links__extra {
  margin-right: 3px;
}

/******************************
 * RESULTS TABLE
 *
 * 1. Table Layout
 * 2. Extra
 * 3. Sorting items
 *
 ******************************/
/*------------------
 * 1. Table Layout
 *------------------*/
#results-table {
  border: 1px solid #e6e6e6;
  color: #999;
  font-size: 12px;
  width: 100%;
}
#results-table th,
#results-table td {
  padding: 5px;
  border: 1px solid #e6e6e6;
  text-align: left;
}
#results-table th {
  font-weight: bold;
}

/*------------------
 * 2. Extra
 *------------------*/
.logwrapper {
  max-height: 230px;
  overflow-y: scroll;
  background-color: #e6e6e6;
}
.logwrapper.expanded {
  max-height: none;
}
.logwrapper.expanded .logexpander:after {
  content: "collapse [-]";
}
.logwrapper .logexpander {
  z-index: 1;
  position: sticky;
  top: 10px;
  width: max-content;
  border: 1px solid;
  border-radius: 3px;
  padding: 5px 7px;
  margin: 10px 0 10px calc(100% - 80px);
  cursor: pointer;
  background-color: #e6e6e6;
}
.logwrapper .logexpander:after {
  content: "expand [+]";
}
.logwrapper .logexpander:hover {
  color: #000;
  border-color: #000;
}
.logwrapper .log {
  min-height: 40px;
  position: relative;
  top: -50px;
  height: calc(100% + 50px);
  border: 1px solid #e6e6e6;
  color: black;
  display: block;
  font-family: "Courier New", Courier, monospace;
  padding: 5px;
  padding-right: 80px;
  white-space: pre-wrap;
}

div.media {
  border: 1px solid #e6e6e6;
  float: right;
  height: 240px;
  margin: 0 5px;
  overflow: hidden;
  width: 320px;
}

.media-container {
  display: grid;
  grid-template-columns: 25px auto 25px;
  align-items: center;
  flex: 1 1;
  overflow: hidden;
  height: 200px;
}

.media-container--fullscreen {
  grid-template-columns: 0px auto 0px;
}

.media-container__nav--right,
.media-container__nav--left {
  text-align: center;
  cursor: pointer;
}

.media-container__viewport {
  cursor: pointer;
  text-align: center;
  height: inherit;
}
.media-container__viewport img,
.media-container__viewport video {
  object-fit: cover;
  width: 100%;
  max-height: 100%;
}

.media__name,
.media__counter {
  display: flex;
  flex-direction: row;
  justify-content: space-around;
  flex: 0 0 25px;
  align-items: center;
}

.collapsible td:not(.col-links) {
  cursor: pointer;
}
.collapsible td:not(.col-links):hover::after {
  color: #bbb;
  font-style: italic;
  cursor: pointer;
}

.col-result {
  width: 130px;
}
.col-result:hover::after {
  content: " (hide details)";
}

.col-result.collapsed:hover::after {
  content: " (show details)";
}

#environment-header h2:hover::after {
  content: " (hide details)";
  color: #bbb;
  font-style: italic;
  cursor: pointer;
  font-size: 12px;
}

#environment-header.collapsed h2:hover::after {
  content: " (show details)";
  color: #bbb;
  font-style: italic;
  cursor: pointer;
  font-size: 12px;
}

/*------------------
 * 3. Sorting items
 *------------------*/
.sortable {
  cursor: pointer;
}
.sortable.desc:after {
  content: " ";
  position: relative;
  left: 5px;
  bottom: -12.5px;
  border: 10px solid #4caf50;
  border-bottom: 0;
  border-left-color: transparent;
  border-right-color: transparent;
}
.sortable.asc:after {
  content: " ";
  position: relative;
  left: 5px;
  bottom: 12.5px;
  border: 10px solid #4caf50;
  border-top: 0;
  border-left-color: transparent;
  border-right-color: transparent;
}

.hidden, .summary__reload__button.hidden {
  display: none;
}

.summary__data {
  flex: 0 0 550px;
}
.summary__reload {
  flex: 1 1;
  display: flex;
  justify-content: center;
}
.summary__reload__button {
  flex: 0 0 300px;
  display: flex;
  color: white;
  font-weight: bold;
  background-color: #4caf50;
  text-align: center;
  justify-content: center;
  align-items: center;
  border-radius: 3px;
  cursor: pointer;
}
.summary__reload__button:hover {
  background-color: #46a049;
}
.summary__spacer {
  flex: 0 0 550px;
}

.controls {
  display: flex;
  justify-content: space-between;
}

.filters,
.collapse {
  display: flex;
  align-items: center;
}
.filters button,
.collapse button {
  color: #999;
  border: none;
  background: none;
  cursor: pointer;
  text-decoration: underline;
}
.filters button:hover,
.collapse button:hover {
  color: #ccc;
}

.filter__label {
  margin-right: 10px;
}

      </style>
    
  </head>
  <body>
    <h1 id="title">report.html</h1>
    <p>Report generated on 13-Aug-2024 at 14:35:48 by <a href="https://pypi.python.org/pypi/pytest-html">pytest-html</a>
        v4.0.2</p>
    <div id="environment-header">
      <h2>Environment</h2>
    </div>
    <table id="environment"></table>
    <!-- TEMPLATES -->
      <template id="template_environment_row">
      <tr>
        <td></td>
        <td></td>
      </tr>
    </template>
    <template id="template_results-table__body--empty">
      <tbody class="results-table-row">
        <tr id="not-found-message">
          <td colspan="4">No results found. Check the filters.</th>
        </tr>
    </template>
    <template id="template_results-table__tbody">
      <tbody class="results-table-row">
        <tr class="collapsible">
        </tr>
        <tr class="extras-row">
          <td class="extra" colspan="4">
            <div class="extraHTML"></div>
            <div class="media">
              <div class="media-container">
                  <div class="media-container__nav--left"><</div>
                  <div class="media-container__viewport">
                    <img src="" />
                    <video controls>
                      <source src="" type="video/mp4">
                    </video>
                  </div>
                  <div class="media-container__nav--right">></div>
                </div>
                <div class="media__name"></div>
                <div class="media__counter"></div>
            </div>
            <div class="logwrapper">
              <div class="logexpander"></div>
              <div class="log"></div>
            </div>
          </td>
        </tr>
      </tbody>
    </template>
    <!-- END TEMPLATES -->
    <div class="summary">
      <div class="summary__data">
        <h2>Summary</h2>
        <div class="additional-summary prefix">
        </div>
        <p class="run-count">84 tests took 00:11:36.</p>
        <p class="filter">(Un)check the boxes to filter the results.</p>
        <div class="summary__reload">
          <div class="summary__reload__button hidden" onclick="location.reload()">
            <div>There are still tests running. <br />Reload this page to ge the latest results!</div>
          </div>
        </div>
        <div class="summary__spacer"></div>
        <div class="controls">
          <div class="filters">
            <input checked="true" class="filter" name="filter_checkbox" type="checkbox" data-test-result="failed" />
            <span class="failed">11 Failed,</span>
            <input checked="true" class="filter" name="filter_checkbox" type="checkbox" data-test-result="passed" />
            <span class="passed">73 Passed,</span>
            <input checked="true" class="filter" name="filter_checkbox" type="checkbox" data-test-result="skipped" />
            <span class="skipped">1 Skipped,</span>
            <input checked="true" class="filter" name="filter_checkbox" type="checkbox" data-test-result="xfailed" disabled/>
            <span class="xfailed">0 Expected failures,</span>
            <input checked="true" class="filter" name="filter_checkbox" type="checkbox" data-test-result="xpassed" disabled/>
            <span class="xpassed">0 Unexpected passes,</span>
            <input checked="true" class="filter" name="filter_checkbox" type="checkbox" data-test-result="error" disabled/>
            <span class="error">0 Errors,</span>
            <input checked="true" class="filter" name="filter_checkbox" type="checkbox" data-test-result="rerun" disabled/>
            <span class="rerun">0 Reruns</span>
          </div>
          <div class="collapse">
            <button id="show_all_details">Show all details</button>&nbsp;/&nbsp;<button id="hide_all_details">Hide all details</button>
          </div>
        </div>
      </div>
      <div class="additional-summary summary">
      </div>
      <div class="additional-summary postfix">
      </div>
    </div>
    <table id="results-table">
      <thead id="results-table-head">
        <tr>
          <th class="sortable" data-column-type="result">Result</th>
          <th class="sortable" data-column-type="testId">Test</th>
          <th class="sortable" data-column-type="duration">Duration</th>
          <th>Links</th>
        </tr>
      </thead>
    </table>
  </body>
  <footer>
    <div id="data-container" data-jsonblob="{&#34;environment&#34;: {&#34;Python&#34;: &#34;3.11.5&#34;, &#34;Platform&#34;: &#34;Windows-10-10.0.22631-SP0&#34;, &#34;Packages&#34;: {&#34;pytest&#34;: &#34;7.4.2&#34;, &#34;pluggy&#34;: &#34;1.3.0&#34;}, &#34;Plugins&#34;: {&#34;dotenv&#34;: &#34;0.5.2&#34;, &#34;html&#34;: &#34;4.0.2&#34;, &#34;metadata&#34;: &#34;3.0.0&#34;}}, &#34;tests&#34;: {&#34;bwctest/tests/home_page/test_homepage_content_displayed.py::TestHomepageContentDisplayed::test_navigation_is_displayed_on_top&#34;: [{&#34;extras&#34;: [], &#34;result&#34;: &#34;Passed&#34;, &#34;testId&#34;: &#34;bwctest/tests/home_page/test_homepage_content_displayed.py::TestHomepageContentDisplayed::test_navigation_is_displayed_on_top&#34;, &#34;duration&#34;: &#34;00:01:03&#34;, &#34;resultsTableRow&#34;: [&#34;&lt;td class=\&#34;col-result\&#34;&gt;Passed&lt;/td&gt;&#34;, &#34;&lt;td class=\&#34;col-testId\&#34;&gt;bwctest/tests/home_page/test_homepage_content_displayed.py::TestHomepageContentDisplayed::test_navigation_is_displayed_on_top&lt;/td&gt;&#34;, &#34;&lt;td class=\&#34;col-duration\&#34;&gt;00:01:03&lt;/td&gt;&#34;, &#34;&lt;td class=\&#34;col-links\&#34;&gt;&lt;/td&gt;&#34;], &#34;log&#34;: &#34;No log output captured.&#34;}], &#34;bwctest/tests/home_page/test_homepage_content_displayed.py::TestHomepageContentDisplayed::test_app_image_is_displayed_under_navigation&#34;: [{&#34;extras&#34;: [], &#34;result&#34;: &#34;Passed&#34;, &#34;testId&#34;: &#34;bwctest/tests/home_page/test_homepage_content_displayed.py::TestHomepageContentDisplayed::test_app_image_is_displayed_under_navigation&#34;, &#34;duration&#34;: &#34;00:00:01&#34;, &#34;resultsTableRow&#34;: [&#34;&lt;td class=\&#34;col-result\&#34;&gt;Passed&lt;/td&gt;&#34;, &#34;&lt;td class=\&#34;col-testId\&#34;&gt;bwctest/tests/home_page/test_homepage_content_displayed.py::TestHomepageContentDisplayed::test_app_image_is_displayed_under_navigation&lt;/td&gt;&#34;, &#34;&lt;td class=\&#34;col-duration\&#34;&gt;00:00:01&lt;/td&gt;&#34;, &#34;&lt;td class=\&#34;col-links\&#34;&gt;&lt;/td&gt;&#34;], &#34;log&#34;: &#34;No log output captured.&#34;}], &#34;bwctest/tests/home_page/test_homepage_content_displayed.py::TestHomepageContentDisplayed::test_search_section_is_displayed_on_left&#34;: [{&#34;extras&#34;: [], &#34;result&#34;: &#34;Passed&#34;, &#34;testId&#34;: &#34;bwctest/tests/home_page/test_homepage_content_displayed.py::TestHomepageContentDisplayed::test_search_section_is_displayed_on_left&#34;, &#34;duration&#34;: &#34;0 ms&#34;, &#34;resultsTableRow&#34;: [&#34;&lt;td class=\&#34;col-result\&#34;&gt;Passed&lt;/td&gt;&#34;, &#34;&lt;td class=\&#34;col-testId\&#34;&gt;bwctest/tests/home_page/test_homepage_content_displayed.py::TestHomepageContentDisplayed::test_search_section_is_displayed_on_left&lt;/td&gt;&#34;, &#34;&lt;td class=\&#34;col-duration\&#34;&gt;0 ms&lt;/td&gt;&#34;, &#34;&lt;td class=\&#34;col-links\&#34;&gt;&lt;/td&gt;&#34;], &#34;log&#34;: &#34;No log output captured.&#34;}], &#34;bwctest/tests/home_page/test_homepage_content_displayed.py::TestHomepageContentDisplayed::test_map_is_displayed_under_app_image&#34;: [{&#34;extras&#34;: [], &#34;result&#34;: &#34;Passed&#34;, &#34;testId&#34;: &#34;bwctest/tests/home_page/test_homepage_content_displayed.py::TestHomepageContentDisplayed::test_map_is_displayed_under_app_image&#34;, &#34;duration&#34;: &#34;00:00:02&#34;, &#34;resultsTableRow&#34;: [&#34;&lt;td class=\&#34;col-result\&#34;&gt;Passed&lt;/td&gt;&#34;, &#34;&lt;td class=\&#34;col-testId\&#34;&gt;bwctest/tests/home_page/test_homepage_content_displayed.py::TestHomepageContentDisplayed::test_map_is_displayed_under_app_image&lt;/td&gt;&#34;, &#34;&lt;td class=\&#34;col-duration\&#34;&gt;00:00:02&lt;/td&gt;&#34;, &#34;&lt;td class=\&#34;col-links\&#34;&gt;&lt;/td&gt;&#34;], &#34;log&#34;: &#34;No log output captured.&#34;}], &#34;bwctest/tests/home_page/test_homepage_content_displayed.py::TestHomepageContentDisplayed::test_sites_are_displayed_under_map&#34;: [{&#34;extras&#34;: [], &#34;result&#34;: &#34;Passed&#34;, &#34;testId&#34;: &#34;bwctest/tests/home_page/test_homepage_content_displayed.py::TestHomepageContentDisplayed::test_sites_are_displayed_under_map&#34;, &#34;duration&#34;: &#34;00:00:01&#34;, &#34;resultsTableRow&#34;: [&#34;&lt;td class=\&#34;col-result\&#34;&gt;Passed&lt;/td&gt;&#34;, &#34;&lt;td class=\&#34;col-testId\&#34;&gt;bwctest/tests/home_page/test_homepage_content_displayed.py::TestHomepageContentDisplayed::test_sites_are_displayed_under_map&lt;/td&gt;&#34;, &#34;&lt;td class=\&#34;col-duration\&#34;&gt;00:00:01&lt;/td&gt;&#34;, &#34;&lt;td class=\&#34;col-links\&#34;&gt;&lt;/td&gt;&#34;], &#34;log&#34;: &#34;No log output captured.&#34;}], &#34;bwctest/tests/home_page/test_homepage_content_displayed.py::TestHomepageContentDisplayed::test_site_infomation_is_displayed_in_each_site_card&#34;: [{&#34;extras&#34;: [], &#34;result&#34;: &#34;Passed&#34;, &#34;testId&#34;: &#34;bwctest/tests/home_page/test_homepage_content_displayed.py::TestHomepageContentDisplayed::test_site_infomation_is_displayed_in_each_site_card&#34;, &#34;duration&#34;: &#34;00:00:02&#34;, &#34;resultsTableRow&#34;: [&#34;&lt;td class=\&#34;col-result\&#34;&gt;Passed&lt;/td&gt;&#34;, &#34;&lt;td class=\&#34;col-testId\&#34;&gt;bwctest/tests/home_page/test_homepage_content_displayed.py::TestHomepageContentDisplayed::test_site_infomation_is_displayed_in_each_site_card&lt;/td&gt;&#34;, &#34;&lt;td class=\&#34;col-duration\&#34;&gt;00:00:02&lt;/td&gt;&#34;, &#34;&lt;td class=\&#34;col-links\&#34;&gt;&lt;/td&gt;&#34;], &#34;log&#34;: &#34;No log output captured.&#34;}], &#34;bwctest/tests/home_page/test_homepage_content_displayed.py::TestHomepageContentDisplayed::test_click_any_site&#34;: [{&#34;extras&#34;: [], &#34;result&#34;: &#34;Passed&#34;, &#34;testId&#34;: &#34;bwctest/tests/home_page/test_homepage_content_displayed.py::TestHomepageContentDisplayed::test_click_any_site&#34;, &#34;duration&#34;: &#34;00:00:06&#34;, &#34;resultsTableRow&#34;: [&#34;&lt;td class=\&#34;col-result\&#34;&gt;Passed&lt;/td&gt;&#34;, &#34;&lt;td class=\&#34;col-testId\&#34;&gt;bwctest/tests/home_page/test_homepage_content_displayed.py::TestHomepageContentDisplayed::test_click_any_site&lt;/td&gt;&#34;, &#34;&lt;td class=\&#34;col-duration\&#34;&gt;00:00:06&lt;/td&gt;&#34;, &#34;&lt;td class=\&#34;col-links\&#34;&gt;&lt;/td&gt;&#34;], &#34;log&#34;: &#34;No log output captured.&#34;}], &#34;bwctest/tests/home_page/test_homepage_content_displayed.py::TestHomepageContentDisplayed::test_search_result_message_is_displayed&#34;: [{&#34;extras&#34;: [], &#34;result&#34;: &#34;Failed&#34;, &#34;testId&#34;: &#34;bwctest/tests/home_page/test_homepage_content_displayed.py::TestHomepageContentDisplayed::test_search_result_message_is_displayed&#34;, &#34;duration&#34;: &#34;00:00:13&#34;, &#34;resultsTableRow&#34;: [&#34;&lt;td class=\&#34;col-result\&#34;&gt;Failed&lt;/td&gt;&#34;, &#34;&lt;td class=\&#34;col-testId\&#34;&gt;bwctest/tests/home_page/test_homepage_content_displayed.py::TestHomepageContentDisplayed::test_search_result_message_is_displayed&lt;/td&gt;&#34;, &#34;&lt;td class=\&#34;col-duration\&#34;&gt;00:00:13&lt;/td&gt;&#34;, &#34;&lt;td class=\&#34;col-links\&#34;&gt;&lt;/td&gt;&#34;], &#34;log&#34;: &#34;self = &amp;lt;test_homepage_content_displayed.TestHomepageContentDisplayed object at 0x000002B040D9E610&amp;gt;\n\n    @pytest.mark.tcid318\n    def test_search_result_message_is_displayed(self):\n        homepage = HomePage(self.driver)\n        search = SearchSection(self.driver)\n    \n        homepage.go_to_homepage()\n    \n        # Scroll down 500px so that Selenium elements can be interactable\n        self.driver.execute_script(\&#34;window.scrollTo(0, 500)\&#34;)\n    \n        search.choose_categories_on_seach_section()\n        search.choose_ages_on_seach_section()\n        search.click_search_button()\n    \n        number_of_site = len(homepage.get_all_sites())\n        if number_of_site == 0:\n            displayed_msg = homepage.wait_until_search_result_text_is_displayed()\n            expected_msg = \&#34;No result\&#34;\n    \n            assert displayed_msg == expected_msg, \&#34;Search result message is wrong\&#34;\n        else:\n&amp;gt;           displayed_msg = homepage.wait_until_search_result_text_is_displayed()\n\nbwctest\\tests\\home_page\\test_homepage_content_displayed.py:126: \n_ _ _ _ _ _ _ _ _ _ _ _ _ _ _ _ _ _ _ _ _ _ _ _ _ _ _ _ _ _ _ _ _ _ _ _ _ _ _ _ _ _ _ _ _ _ _ _ _ _ _ _ _ _ _ _ _ _\nbwctest\\src\\pages\\HomePage.py:69: in wait_until_search_result_text_is_displayed\n    return self.sl.wait_and_get_text(self.SEARCH_RESULT_MSG)\nbwctest\\src\\SeleniumExtended.py:73: in wait_and_get_text\n    elm = WebDriverWait(self.driver, timeout).until(\n_ _ _ _ _ _ _ _ _ _ _ _ _ _ _ _ _ _ _ _ _ _ _ _ _ _ _ _ _ _ _ _ _ _ _ _ _ _ _ _ _ _ _ _ _ _ _ _ _ _ _ _ _ _ _ _ _ _\n\nself = &amp;lt;selenium.webdriver.support.wait.WebDriverWait (session=\&#34;c47e3008-ab5a-4f32-8af9-f895e27672e2\&#34;)&amp;gt;\nmethod = &amp;lt;function visibility_of_element_located.&amp;lt;locals&amp;gt;._predicate at 0x000002B040E3E340&amp;gt;, message = &#39;&#39;\n\n    def until(self, method: Callable[[D], Union[Literal[False], T]], message: str = \&#34;\&#34;) -&amp;gt; T:\n        \&#34;\&#34;\&#34;Calls the method provided with the driver as an argument until the \\\n        return value does not evaluate to ``False``.\n    \n        :param method: callable(WebDriver)\n        :param message: optional message for :exc:`TimeoutException`\n        :returns: the result of the last call to `method`\n        :raises: :exc:`selenium.common.exceptions.TimeoutException` if timeout occurs\n        \&#34;\&#34;\&#34;\n        screen = None\n        stacktrace = None\n    \n        end_time = time.monotonic() + self._timeout\n        while True:\n            try:\n                value = method(self._driver)\n                if value:\n                    return value\n            except self._ignored_exceptions as exc:\n                screen = getattr(exc, \&#34;screen\&#34;, None)\n                stacktrace = getattr(exc, \&#34;stacktrace\&#34;, None)\n            time.sleep(self._poll)\n            if time.monotonic() &amp;gt; end_time:\n                break\n&amp;gt;       raise TimeoutException(message, screen, stacktrace)\nE       selenium.common.exceptions.TimeoutException: Message: \nE       Stacktrace:\nE       RemoteError@chrome://remote/content/shared/RemoteError.sys.mjs:8:8\nE       WebDriverError@chrome://remote/content/shared/webdriver/Errors.sys.mjs:192:5\nE       NoSuchElementError@chrome://remote/content/shared/webdriver/Errors.sys.mjs:510:5\nE       dom.find/&amp;lt;/&amp;lt;@chrome://remote/content/shared/DOM.sys.mjs:136:16\n\n..\\..\\..\\AppData\\Roaming\\Python\\Python311\\site-packages\\selenium\\webdriver\\support\\wait.py:105: TimeoutException\n&#34;}], &#34;bwctest/tests/home_page/test_post_site_negative.py::TestPostSiteNegative::test_post_new_site_without_title&#34;: [{&#34;extras&#34;: [], &#34;result&#34;: &#34;Passed&#34;, &#34;testId&#34;: &#34;bwctest/tests/home_page/test_post_site_negative.py::TestPostSiteNegative::test_post_new_site_without_title&#34;, &#34;duration&#34;: &#34;00:00:08&#34;, &#34;resultsTableRow&#34;: [&#34;&lt;td class=\&#34;col-result\&#34;&gt;Passed&lt;/td&gt;&#34;, &#34;&lt;td class=\&#34;col-testId\&#34;&gt;bwctest/tests/home_page/test_post_site_negative.py::TestPostSiteNegative::test_post_new_site_without_title&lt;/td&gt;&#34;, &#34;&lt;td class=\&#34;col-duration\&#34;&gt;00:00:08&lt;/td&gt;&#34;, &#34;&lt;td class=\&#34;col-links\&#34;&gt;&lt;/td&gt;&#34;], &#34;log&#34;: &#34;No log output captured.&#34;}], &#34;bwctest/tests/home_page/test_post_site_negative.py::TestPostSiteNegative::test_post_new_site_without_description&#34;: [{&#34;extras&#34;: [], &#34;result&#34;: &#34;Passed&#34;, &#34;testId&#34;: &#34;bwctest/tests/home_page/test_post_site_negative.py::TestPostSiteNegative::test_post_new_site_without_description&#34;, &#34;duration&#34;: &#34;00:00:06&#34;, &#34;resultsTableRow&#34;: [&#34;&lt;td class=\&#34;col-result\&#34;&gt;Passed&lt;/td&gt;&#34;, &#34;&lt;td class=\&#34;col-testId\&#34;&gt;bwctest/tests/home_page/test_post_site_negative.py::TestPostSiteNegative::test_post_new_site_without_description&lt;/td&gt;&#34;, &#34;&lt;td class=\&#34;col-duration\&#34;&gt;00:00:06&lt;/td&gt;&#34;, &#34;&lt;td class=\&#34;col-links\&#34;&gt;&lt;/td&gt;&#34;], &#34;log&#34;: &#34;No log output captured.&#34;}], &#34;bwctest/tests/home_page/test_post_site_negative.py::TestPostSiteNegative::test_post_new_site_without_location&#34;: [{&#34;extras&#34;: [], &#34;result&#34;: &#34;Passed&#34;, &#34;testId&#34;: &#34;bwctest/tests/home_page/test_post_site_negative.py::TestPostSiteNegative::test_post_new_site_without_location&#34;, &#34;duration&#34;: &#34;00:00:06&#34;, &#34;resultsTableRow&#34;: [&#34;&lt;td class=\&#34;col-result\&#34;&gt;Passed&lt;/td&gt;&#34;, &#34;&lt;td class=\&#34;col-testId\&#34;&gt;bwctest/tests/home_page/test_post_site_negative.py::TestPostSiteNegative::test_post_new_site_without_location&lt;/td&gt;&#34;, &#34;&lt;td class=\&#34;col-duration\&#34;&gt;00:00:06&lt;/td&gt;&#34;, &#34;&lt;td class=\&#34;col-links\&#34;&gt;&lt;/td&gt;&#34;], &#34;log&#34;: &#34;No log output captured.&#34;}], &#34;bwctest/tests/home_page/test_post_site_negative.py::TestPostSiteNegative::test_post_new_site_without_longtitude&#34;: [{&#34;extras&#34;: [], &#34;result&#34;: &#34;Passed&#34;, &#34;testId&#34;: &#34;bwctest/tests/home_page/test_post_site_negative.py::TestPostSiteNegative::test_post_new_site_without_longtitude&#34;, &#34;duration&#34;: &#34;00:00:08&#34;, &#34;resultsTableRow&#34;: [&#34;&lt;td class=\&#34;col-result\&#34;&gt;Passed&lt;/td&gt;&#34;, &#34;&lt;td class=\&#34;col-testId\&#34;&gt;bwctest/tests/home_page/test_post_site_negative.py::TestPostSiteNegative::test_post_new_site_without_longtitude&lt;/td&gt;&#34;, &#34;&lt;td class=\&#34;col-duration\&#34;&gt;00:00:08&lt;/td&gt;&#34;, &#34;&lt;td class=\&#34;col-links\&#34;&gt;&lt;/td&gt;&#34;], &#34;log&#34;: &#34;No log output captured.&#34;}], &#34;bwctest/tests/home_page/test_post_site_negative.py::TestPostSiteNegative::test_post_new_site_without_latitude&#34;: [{&#34;extras&#34;: [], &#34;result&#34;: &#34;Failed&#34;, &#34;testId&#34;: &#34;bwctest/tests/home_page/test_post_site_negative.py::TestPostSiteNegative::test_post_new_site_without_latitude&#34;, &#34;duration&#34;: &#34;00:00:15&#34;, &#34;resultsTableRow&#34;: [&#34;&lt;td class=\&#34;col-result\&#34;&gt;Failed&lt;/td&gt;&#34;, &#34;&lt;td class=\&#34;col-testId\&#34;&gt;bwctest/tests/home_page/test_post_site_negative.py::TestPostSiteNegative::test_post_new_site_without_latitude&lt;/td&gt;&#34;, &#34;&lt;td class=\&#34;col-duration\&#34;&gt;00:00:15&lt;/td&gt;&#34;, &#34;&lt;td class=\&#34;col-links\&#34;&gt;&lt;/td&gt;&#34;], &#34;log&#34;: &#34;self = &amp;lt;test_post_site_negative.TestPostSiteNegative object at 0x000002B040DAB550&amp;gt;\n\n    @pytest.mark.tcid325\n    def test_post_new_site_without_latitude(self):\n        login = LoginPage(self.driver)\n        homepage = HomePage(self.driver)\n        navigation = NavigationBar(self.driver)\n        site_post = SitePostForm(self.driver)\n    \n        login.valid_login(admin=True)\n    \n        number_of_site_before = len(homepage.get_all_sites())\n    \n        navigation.click_post_new_site_button()\n        site_post.post_new_site(latitude=\&#34;\&#34;)\n    \n&amp;gt;       site_post.latitude_invalid_alert_is_displayed()\n\nbwctest\\tests\\home_page\\test_post_site_negative.py:105: \n_ _ _ _ _ _ _ _ _ _ _ _ _ _ _ _ _ _ _ _ _ _ _ _ _ _ _ _ _ _ _ _ _ _ _ _ _ _ _ _ _ _ _ _ _ _ _ _ _ _ _ _ _ _ _ _ _ _\nbwctest\\src\\pages\\SitePostForm.py:118: in latitude_invalid_alert_is_displayed\n    self.sl.wait_until_element_is_visible(self.INVALID_ALERT_LATITUDE)\nbwctest\\src\\SeleniumExtended.py:38: in wait_until_element_is_visible\n    WebDriverWait(self.driver, timeout).until(\n_ _ _ _ _ _ _ _ _ _ _ _ _ _ _ _ _ _ _ _ _ _ _ _ _ _ _ _ _ _ _ _ _ _ _ _ _ _ _ _ _ _ _ _ _ _ _ _ _ _ _ _ _ _ _ _ _ _\n\nself = &amp;lt;selenium.webdriver.support.wait.WebDriverWait (session=\&#34;51b8f60a-a05f-4e28-9de1-842e1e8e7398\&#34;)&amp;gt;\nmethod = &amp;lt;function visibility_of_element_located.&amp;lt;locals&amp;gt;._predicate at 0x000002B040EBB2E0&amp;gt;, message = &#39;&#39;\n\n    def until(self, method: Callable[[D], Union[Literal[False], T]], message: str = \&#34;\&#34;) -&amp;gt; T:\n        \&#34;\&#34;\&#34;Calls the method provided with the driver as an argument until the \\\n        return value does not evaluate to ``False``.\n    \n        :param method: callable(WebDriver)\n        :param message: optional message for :exc:`TimeoutException`\n        :returns: the result of the last call to `method`\n        :raises: :exc:`selenium.common.exceptions.TimeoutException` if timeout occurs\n        \&#34;\&#34;\&#34;\n        screen = None\n        stacktrace = None\n    \n        end_time = time.monotonic() + self._timeout\n        while True:\n            try:\n                value = method(self._driver)\n                if value:\n                    return value\n            except self._ignored_exceptions as exc:\n                screen = getattr(exc, \&#34;screen\&#34;, None)\n                stacktrace = getattr(exc, \&#34;stacktrace\&#34;, None)\n            time.sleep(self._poll)\n            if time.monotonic() &amp;gt; end_time:\n                break\n&amp;gt;       raise TimeoutException(message, screen, stacktrace)\nE       selenium.common.exceptions.TimeoutException: Message:\n\n..\\..\\..\\AppData\\Roaming\\Python\\Python311\\site-packages\\selenium\\webdriver\\support\\wait.py:105: TimeoutException\n&#34;}], &#34;bwctest/tests/home_page/test_post_site_negative.py::TestPostSiteNegative::test_post_new_site_without_price&#34;: [{&#34;extras&#34;: [], &#34;result&#34;: &#34;Passed&#34;, &#34;testId&#34;: &#34;bwctest/tests/home_page/test_post_site_negative.py::TestPostSiteNegative::test_post_new_site_without_price&#34;, &#34;duration&#34;: &#34;00:00:06&#34;, &#34;resultsTableRow&#34;: [&#34;&lt;td class=\&#34;col-result\&#34;&gt;Passed&lt;/td&gt;&#34;, &#34;&lt;td class=\&#34;col-testId\&#34;&gt;bwctest/tests/home_page/test_post_site_negative.py::TestPostSiteNegative::test_post_new_site_without_price&lt;/td&gt;&#34;, &#34;&lt;td class=\&#34;col-duration\&#34;&gt;00:00:06&lt;/td&gt;&#34;, &#34;&lt;td class=\&#34;col-links\&#34;&gt;&lt;/td&gt;&#34;], &#34;log&#34;: &#34;No log output captured.&#34;}], &#34;bwctest/tests/home_page/test_post_site_negative.py::TestPostSiteNegative::test_post_new_site_with_price_in_letter&#34;: [{&#34;extras&#34;: [], &#34;result&#34;: &#34;Failed&#34;, &#34;testId&#34;: &#34;bwctest/tests/home_page/test_post_site_negative.py::TestPostSiteNegative::test_post_new_site_with_price_in_letter&#34;, &#34;duration&#34;: &#34;00:00:18&#34;, &#34;resultsTableRow&#34;: [&#34;&lt;td class=\&#34;col-result\&#34;&gt;Failed&lt;/td&gt;&#34;, &#34;&lt;td class=\&#34;col-testId\&#34;&gt;bwctest/tests/home_page/test_post_site_negative.py::TestPostSiteNegative::test_post_new_site_with_price_in_letter&lt;/td&gt;&#34;, &#34;&lt;td class=\&#34;col-duration\&#34;&gt;00:00:18&lt;/td&gt;&#34;, &#34;&lt;td class=\&#34;col-links\&#34;&gt;&lt;/td&gt;&#34;], &#34;log&#34;: &#34;self = &amp;lt;test_post_site_negative.TestPostSiteNegative object at 0x000002B040DB4210&amp;gt;\n\n    @pytest.mark.tcid327\n    def test_post_new_site_with_price_in_letter(self):\n        login = LoginPage(self.driver)\n        homepage = HomePage(self.driver)\n        navigation = NavigationBar(self.driver)\n        site_post = SitePostForm(self.driver)\n    \n        login.valid_login(admin=True)\n    \n        number_of_site_before = len(homepage.get_all_sites())\n    \n        navigation.click_post_new_site_button()\n        site_post.post_new_site(price=\&#34;three hundred\&#34;)\n    \n&amp;gt;       site_post.price_invalid_alert_is_displayed()\n\nbwctest\\tests\\home_page\\test_post_site_negative.py:145: \n_ _ _ _ _ _ _ _ _ _ _ _ _ _ _ _ _ _ _ _ _ _ _ _ _ _ _ _ _ _ _ _ _ _ _ _ _ _ _ _ _ _ _ _ _ _ _ _ _ _ _ _ _ _ _ _ _ _\nbwctest\\src\\pages\\SitePostForm.py:121: in price_invalid_alert_is_displayed\n    self.sl.wait_until_element_is_visible(self.INVALID_ALERT_PRICE)\nbwctest\\src\\SeleniumExtended.py:38: in wait_until_element_is_visible\n    WebDriverWait(self.driver, timeout).until(\n_ _ _ _ _ _ _ _ _ _ _ _ _ _ _ _ _ _ _ _ _ _ _ _ _ _ _ _ _ _ _ _ _ _ _ _ _ _ _ _ _ _ _ _ _ _ _ _ _ _ _ _ _ _ _ _ _ _\n\nself = &amp;lt;selenium.webdriver.support.wait.WebDriverWait (session=\&#34;51b8f60a-a05f-4e28-9de1-842e1e8e7398\&#34;)&amp;gt;\nmethod = &amp;lt;function visibility_of_element_located.&amp;lt;locals&amp;gt;._predicate at 0x000002B040EC4400&amp;gt;, message = &#39;&#39;\n\n    def until(self, method: Callable[[D], Union[Literal[False], T]], message: str = \&#34;\&#34;) -&amp;gt; T:\n        \&#34;\&#34;\&#34;Calls the method provided with the driver as an argument until the \\\n        return value does not evaluate to ``False``.\n    \n        :param method: callable(WebDriver)\n        :param message: optional message for :exc:`TimeoutException`\n        :returns: the result of the last call to `method`\n        :raises: :exc:`selenium.common.exceptions.TimeoutException` if timeout occurs\n        \&#34;\&#34;\&#34;\n        screen = None\n        stacktrace = None\n    \n        end_time = time.monotonic() + self._timeout\n        while True:\n            try:\n                value = method(self._driver)\n                if value:\n                    return value\n            except self._ignored_exceptions as exc:\n                screen = getattr(exc, \&#34;screen\&#34;, None)\n                stacktrace = getattr(exc, \&#34;stacktrace\&#34;, None)\n            time.sleep(self._poll)\n            if time.monotonic() &amp;gt; end_time:\n                break\n&amp;gt;       raise TimeoutException(message, screen, stacktrace)\nE       selenium.common.exceptions.TimeoutException: Message: \nE       Stacktrace:\nE       RemoteError@chrome://remote/content/shared/RemoteError.sys.mjs:8:8\nE       WebDriverError@chrome://remote/content/shared/webdriver/Errors.sys.mjs:192:5\nE       NoSuchElementError@chrome://remote/content/shared/webdriver/Errors.sys.mjs:510:5\nE       dom.find/&amp;lt;/&amp;lt;@chrome://remote/content/shared/DOM.sys.mjs:136:16\n\n..\\..\\..\\AppData\\Roaming\\Python\\Python311\\site-packages\\selenium\\webdriver\\support\\wait.py:105: TimeoutException\n&#34;}], &#34;bwctest/tests/home_page/test_post_site_negative.py::TestPostSiteNegative::test_post_new_site_without_image&#34;: [{&#34;extras&#34;: [], &#34;result&#34;: &#34;Skipped&#34;, &#34;testId&#34;: &#34;bwctest/tests/home_page/test_post_site_negative.py::TestPostSiteNegative::test_post_new_site_without_image::setup&#34;, &#34;duration&#34;: &#34;0 ms&#34;, &#34;resultsTableRow&#34;: [&#34;&lt;td class=\&#34;col-result\&#34;&gt;Skipped&lt;/td&gt;&#34;, &#34;&lt;td class=\&#34;col-testId\&#34;&gt;bwctest/tests/home_page/test_post_site_negative.py::TestPostSiteNegative::test_post_new_site_without_image::setup&lt;/td&gt;&#34;, &#34;&lt;td class=\&#34;col-duration\&#34;&gt;0 ms&lt;/td&gt;&#34;, &#34;&lt;td class=\&#34;col-links\&#34;&gt;&lt;/td&gt;&#34;], &#34;log&#34;: &#34;(&#39;C:\\\\Users\\\\Home\\\\Desktop\\\\Projects\\\\bwctest\\\\bwctest\\\\tests\\\\home_page\\\\test_post_site_negative.py&#39;, 151, \&#34;Skipped: This crush homepage and can&#39;t access any page\&#34;)\n&#34;}], &#34;bwctest/tests/home_page/test_post_site_positive.py::TestPostSitePositive::test_post_new_site&#34;: [{&#34;extras&#34;: [], &#34;result&#34;: &#34;Failed&#34;, &#34;testId&#34;: &#34;bwctest/tests/home_page/test_post_site_positive.py::TestPostSitePositive::test_post_new_site&#34;, &#34;duration&#34;: &#34;00:00:18&#34;, &#34;resultsTableRow&#34;: [&#34;&lt;td class=\&#34;col-result\&#34;&gt;Failed&lt;/td&gt;&#34;, &#34;&lt;td class=\&#34;col-testId\&#34;&gt;bwctest/tests/home_page/test_post_site_positive.py::TestPostSitePositive::test_post_new_site&lt;/td&gt;&#34;, &#34;&lt;td class=\&#34;col-duration\&#34;&gt;00:00:18&lt;/td&gt;&#34;, &#34;&lt;td class=\&#34;col-links\&#34;&gt;&lt;/td&gt;&#34;], &#34;log&#34;: &#34;self = &amp;lt;test_post_site_positive.TestPostSitePositive object at 0x000002B040DB6810&amp;gt;\n\n    @pytest.mark.tcid315\n    def test_post_new_site(self):\n        login = LoginPage(self.driver)\n        homepage = HomePage(self.driver)\n        navigation = NavigationBar(self.driver)\n        site_post = SitePostForm(self.driver)\n        alert = Alert(self.driver)\n    \n        login.valid_login(admin=True)\n    \n        number_of_site_before = len(homepage.get_all_sites())\n    \n        navigation.click_post_new_site_button()\n        site_post.post_new_site(ages=1)\n    \n        expected_message = GenericConfigs.NEW_SITE_POST_MSG\n&amp;gt;       alert.wait_until_success_message_is_displayed(expected_message)\n\nbwctest\\tests\\home_page\\test_post_site_positive.py:30: \n_ _ _ _ _ _ _ _ _ _ _ _ _ _ _ _ _ _ _ _ _ _ _ _ _ _ _ _ _ _ _ _ _ _ _ _ _ _ _ _ _ _ _ _ _ _ _ _ _ _ _ _ _ _ _ _ _ _\nbwctest\\src\\pages\\Alert.py:11: in wait_until_success_message_is_displayed\n    self.sl.wait_until_element_contains_text(self.ALERT_SUCCESS_MSG, exp_msg)\nbwctest\\src\\SeleniumExtended.py:33: in wait_until_element_contains_text\n    WebDriverWait(self.driver, timeout).until(\n_ _ _ _ _ _ _ _ _ _ _ _ _ _ _ _ _ _ _ _ _ _ _ _ _ _ _ _ _ _ _ _ _ _ _ _ _ _ _ _ _ _ _ _ _ _ _ _ _ _ _ _ _ _ _ _ _ _\n\nself = &amp;lt;selenium.webdriver.support.wait.WebDriverWait (session=\&#34;75ec648d-2e46-49b7-a482-30772caf6e48\&#34;)&amp;gt;\nmethod = &amp;lt;function text_to_be_present_in_element.&amp;lt;locals&amp;gt;._predicate at 0x000002B040E3D260&amp;gt;, message = &#39;&#39;\n\n    def until(self, method: Callable[[D], Union[Literal[False], T]], message: str = \&#34;\&#34;) -&amp;gt; T:\n        \&#34;\&#34;\&#34;Calls the method provided with the driver as an argument until the \\\n        return value does not evaluate to ``False``.\n    \n        :param method: callable(WebDriver)\n        :param message: optional message for :exc:`TimeoutException`\n        :returns: the result of the last call to `method`\n        :raises: :exc:`selenium.common.exceptions.TimeoutException` if timeout occurs\n        \&#34;\&#34;\&#34;\n        screen = None\n        stacktrace = None\n    \n        end_time = time.monotonic() + self._timeout\n        while True:\n            try:\n                value = method(self._driver)\n                if value:\n                    return value\n            except self._ignored_exceptions as exc:\n                screen = getattr(exc, \&#34;screen\&#34;, None)\n                stacktrace = getattr(exc, \&#34;stacktrace\&#34;, None)\n            time.sleep(self._poll)\n            if time.monotonic() &amp;gt; end_time:\n                break\n&amp;gt;       raise TimeoutException(message, screen, stacktrace)\nE       selenium.common.exceptions.TimeoutException: Message:\n\n..\\..\\..\\AppData\\Roaming\\Python\\Python311\\site-packages\\selenium\\webdriver\\support\\wait.py:105: TimeoutException\n&#34;}], &#34;bwctest/tests/home_page/test_post_site_positive.py::TestPostSitePositive::test_post_new_site_with_two_ages&#34;: [{&#34;extras&#34;: [], &#34;result&#34;: &#34;Passed&#34;, &#34;testId&#34;: &#34;bwctest/tests/home_page/test_post_site_positive.py::TestPostSitePositive::test_post_new_site_with_two_ages&#34;, &#34;duration&#34;: &#34;00:00:10&#34;, &#34;resultsTableRow&#34;: [&#34;&lt;td class=\&#34;col-result\&#34;&gt;Passed&lt;/td&gt;&#34;, &#34;&lt;td class=\&#34;col-testId\&#34;&gt;bwctest/tests/home_page/test_post_site_positive.py::TestPostSitePositive::test_post_new_site_with_two_ages&lt;/td&gt;&#34;, &#34;&lt;td class=\&#34;col-duration\&#34;&gt;00:00:10&lt;/td&gt;&#34;, &#34;&lt;td class=\&#34;col-links\&#34;&gt;&lt;/td&gt;&#34;], &#34;log&#34;: &#34;No log output captured.&#34;}], &#34;bwctest/tests/home_page/test_post_site_positive.py::TestPostSitePositive::test_post_new_site_without_url&#34;: [{&#34;extras&#34;: [], &#34;result&#34;: &#34;Failed&#34;, &#34;testId&#34;: &#34;bwctest/tests/home_page/test_post_site_positive.py::TestPostSitePositive::test_post_new_site_without_url&#34;, &#34;duration&#34;: &#34;00:00:16&#34;, &#34;resultsTableRow&#34;: [&#34;&lt;td class=\&#34;col-result\&#34;&gt;Failed&lt;/td&gt;&#34;, &#34;&lt;td class=\&#34;col-testId\&#34;&gt;bwctest/tests/home_page/test_post_site_positive.py::TestPostSitePositive::test_post_new_site_without_url&lt;/td&gt;&#34;, &#34;&lt;td class=\&#34;col-duration\&#34;&gt;00:00:16&lt;/td&gt;&#34;, &#34;&lt;td class=\&#34;col-links\&#34;&gt;&lt;/td&gt;&#34;], &#34;log&#34;: &#34;self = &amp;lt;test_post_site_positive.TestPostSitePositive object at 0x000002B040DB7510&amp;gt;\n\n    @pytest.mark.tcid317\n    def test_post_new_site_without_url(self):\n        login = LoginPage(self.driver)\n        homepage = HomePage(self.driver)\n        navigation = NavigationBar(self.driver)\n        site_post = SitePostForm(self.driver)\n        alert = Alert(self.driver)\n    \n        login.valid_login(admin=True)\n    \n        number_of_site_before = len(homepage.get_all_sites())\n    \n        navigation.click_post_new_site_button()\n        site_post.post_new_site(ages=2, url=\&#34;\&#34;)\n    \n        expected_message = GenericConfigs.NEW_SITE_POST_MSG\n&amp;gt;       alert.wait_until_success_message_is_displayed(expected_message)\n\nbwctest\\tests\\home_page\\test_post_site_positive.py:82: \n_ _ _ _ _ _ _ _ _ _ _ _ _ _ _ _ _ _ _ _ _ _ _ _ _ _ _ _ _ _ _ _ _ _ _ _ _ _ _ _ _ _ _ _ _ _ _ _ _ _ _ _ _ _ _ _ _ _\nbwctest\\src\\pages\\Alert.py:11: in wait_until_success_message_is_displayed\n    self.sl.wait_until_element_contains_text(self.ALERT_SUCCESS_MSG, exp_msg)\nbwctest\\src\\SeleniumExtended.py:33: in wait_until_element_contains_text\n    WebDriverWait(self.driver, timeout).until(\n_ _ _ _ _ _ _ _ _ _ _ _ _ _ _ _ _ _ _ _ _ _ _ _ _ _ _ _ _ _ _ _ _ _ _ _ _ _ _ _ _ _ _ _ _ _ _ _ _ _ _ _ _ _ _ _ _ _\n\nself = &amp;lt;selenium.webdriver.support.wait.WebDriverWait (session=\&#34;75ec648d-2e46-49b7-a482-30772caf6e48\&#34;)&amp;gt;\nmethod = &amp;lt;function text_to_be_present_in_element.&amp;lt;locals&amp;gt;._predicate at 0x000002B040EB96C0&amp;gt;, message = &#39;&#39;\n\n    def until(self, method: Callable[[D], Union[Literal[False], T]], message: str = \&#34;\&#34;) -&amp;gt; T:\n        \&#34;\&#34;\&#34;Calls the method provided with the driver as an argument until the \\\n        return value does not evaluate to ``False``.\n    \n        :param method: callable(WebDriver)\n        :param message: optional message for :exc:`TimeoutException`\n        :returns: the result of the last call to `method`\n        :raises: :exc:`selenium.common.exceptions.TimeoutException` if timeout occurs\n        \&#34;\&#34;\&#34;\n        screen = None\n        stacktrace = None\n    \n        end_time = time.monotonic() + self._timeout\n        while True:\n            try:\n                value = method(self._driver)\n                if value:\n                    return value\n            except self._ignored_exceptions as exc:\n                screen = getattr(exc, \&#34;screen\&#34;, None)\n                stacktrace = getattr(exc, \&#34;stacktrace\&#34;, None)\n            time.sleep(self._poll)\n            if time.monotonic() &amp;gt; end_time:\n                break\n&amp;gt;       raise TimeoutException(message, screen, stacktrace)\nE       selenium.common.exceptions.TimeoutException: Message:\n\n..\\..\\..\\AppData\\Roaming\\Python\\Python311\\site-packages\\selenium\\webdriver\\support\\wait.py:105: TimeoutException\n&#34;}], &#34;bwctest/tests/home_page/test_post_site_positive.py::TestPostSitePositive::test_post_new_site_without_category&#34;: [{&#34;extras&#34;: [], &#34;result&#34;: &#34;Passed&#34;, &#34;testId&#34;: &#34;bwctest/tests/home_page/test_post_site_positive.py::TestPostSitePositive::test_post_new_site_without_category&#34;, &#34;duration&#34;: &#34;00:00:09&#34;, &#34;resultsTableRow&#34;: [&#34;&lt;td class=\&#34;col-result\&#34;&gt;Passed&lt;/td&gt;&#34;, &#34;&lt;td class=\&#34;col-testId\&#34;&gt;bwctest/tests/home_page/test_post_site_positive.py::TestPostSitePositive::test_post_new_site_without_category&lt;/td&gt;&#34;, &#34;&lt;td class=\&#34;col-duration\&#34;&gt;00:00:09&lt;/td&gt;&#34;, &#34;&lt;td class=\&#34;col-links\&#34;&gt;&lt;/td&gt;&#34;], &#34;log&#34;: &#34;No log output captured.&#34;}], &#34;bwctest/tests/home_page/test_post_site_positive.py::TestPostSitePositive::test_post_new_site_without_ages&#34;: [{&#34;extras&#34;: [], &#34;result&#34;: &#34;Passed&#34;, &#34;testId&#34;: &#34;bwctest/tests/home_page/test_post_site_positive.py::TestPostSitePositive::test_post_new_site_without_ages&#34;, &#34;duration&#34;: &#34;00:00:07&#34;, &#34;resultsTableRow&#34;: [&#34;&lt;td class=\&#34;col-result\&#34;&gt;Passed&lt;/td&gt;&#34;, &#34;&lt;td class=\&#34;col-testId\&#34;&gt;bwctest/tests/home_page/test_post_site_positive.py::TestPostSitePositive::test_post_new_site_without_ages&lt;/td&gt;&#34;, &#34;&lt;td class=\&#34;col-duration\&#34;&gt;00:00:07&lt;/td&gt;&#34;, &#34;&lt;td class=\&#34;col-links\&#34;&gt;&lt;/td&gt;&#34;], &#34;log&#34;: &#34;No log output captured.&#34;}], &#34;bwctest/tests/login/test_login_contents_displayed.py::TestContentDisplayed::test_correct_username_and_password_labels_are_displayed&#34;: [{&#34;extras&#34;: [], &#34;result&#34;: &#34;Passed&#34;, &#34;testId&#34;: &#34;bwctest/tests/login/test_login_contents_displayed.py::TestContentDisplayed::test_correct_username_and_password_labels_are_displayed&#34;, &#34;duration&#34;: &#34;449 ms&#34;, &#34;resultsTableRow&#34;: [&#34;&lt;td class=\&#34;col-result\&#34;&gt;Passed&lt;/td&gt;&#34;, &#34;&lt;td class=\&#34;col-testId\&#34;&gt;bwctest/tests/login/test_login_contents_displayed.py::TestContentDisplayed::test_correct_username_and_password_labels_are_displayed&lt;/td&gt;&#34;, &#34;&lt;td class=\&#34;col-duration\&#34;&gt;449 ms&lt;/td&gt;&#34;, &#34;&lt;td class=\&#34;col-links\&#34;&gt;&lt;/td&gt;&#34;], &#34;log&#34;: &#34;No log output captured.&#34;}], &#34;bwctest/tests/login/test_login_contents_displayed.py::TestContentDisplayed::test_correct_login_button_is_displayed&#34;: [{&#34;extras&#34;: [], &#34;result&#34;: &#34;Passed&#34;, &#34;testId&#34;: &#34;bwctest/tests/login/test_login_contents_displayed.py::TestContentDisplayed::test_correct_login_button_is_displayed&#34;, &#34;duration&#34;: &#34;274 ms&#34;, &#34;resultsTableRow&#34;: [&#34;&lt;td class=\&#34;col-result\&#34;&gt;Passed&lt;/td&gt;&#34;, &#34;&lt;td class=\&#34;col-testId\&#34;&gt;bwctest/tests/login/test_login_contents_displayed.py::TestContentDisplayed::test_correct_login_button_is_displayed&lt;/td&gt;&#34;, &#34;&lt;td class=\&#34;col-duration\&#34;&gt;274 ms&lt;/td&gt;&#34;, &#34;&lt;td class=\&#34;col-links\&#34;&gt;&lt;/td&gt;&#34;], &#34;log&#34;: &#34;No log output captured.&#34;}], &#34;bwctest/tests/login/test_login_negative.py::TestLoginNegative::test_login_invaild_admin_username&#34;: [{&#34;extras&#34;: [], &#34;result&#34;: &#34;Passed&#34;, &#34;testId&#34;: &#34;bwctest/tests/login/test_login_negative.py::TestLoginNegative::test_login_invaild_admin_username&#34;, &#34;duration&#34;: &#34;00:00:01&#34;, &#34;resultsTableRow&#34;: [&#34;&lt;td class=\&#34;col-result\&#34;&gt;Passed&lt;/td&gt;&#34;, &#34;&lt;td class=\&#34;col-testId\&#34;&gt;bwctest/tests/login/test_login_negative.py::TestLoginNegative::test_login_invaild_admin_username&lt;/td&gt;&#34;, &#34;&lt;td class=\&#34;col-duration\&#34;&gt;00:00:01&lt;/td&gt;&#34;, &#34;&lt;td class=\&#34;col-links\&#34;&gt;&lt;/td&gt;&#34;], &#34;log&#34;: &#34;No log output captured.&#34;}], &#34;bwctest/tests/login/test_login_negative.py::TestLoginNegative::test_login_invaild_admin_password&#34;: [{&#34;extras&#34;: [], &#34;result&#34;: &#34;Passed&#34;, &#34;testId&#34;: &#34;bwctest/tests/login/test_login_negative.py::TestLoginNegative::test_login_invaild_admin_password&#34;, &#34;duration&#34;: &#34;00:00:02&#34;, &#34;resultsTableRow&#34;: [&#34;&lt;td class=\&#34;col-result\&#34;&gt;Passed&lt;/td&gt;&#34;, &#34;&lt;td class=\&#34;col-testId\&#34;&gt;bwctest/tests/login/test_login_negative.py::TestLoginNegative::test_login_invaild_admin_password&lt;/td&gt;&#34;, &#34;&lt;td class=\&#34;col-duration\&#34;&gt;00:00:02&lt;/td&gt;&#34;, &#34;&lt;td class=\&#34;col-links\&#34;&gt;&lt;/td&gt;&#34;], &#34;log&#34;: &#34;No log output captured.&#34;}], &#34;bwctest/tests/login/test_login_negative.py::TestLoginNegative::test_login_invaild_username&#34;: [{&#34;extras&#34;: [], &#34;result&#34;: &#34;Passed&#34;, &#34;testId&#34;: &#34;bwctest/tests/login/test_login_negative.py::TestLoginNegative::test_login_invaild_username&#34;, &#34;duration&#34;: &#34;892 ms&#34;, &#34;resultsTableRow&#34;: [&#34;&lt;td class=\&#34;col-result\&#34;&gt;Passed&lt;/td&gt;&#34;, &#34;&lt;td class=\&#34;col-testId\&#34;&gt;bwctest/tests/login/test_login_negative.py::TestLoginNegative::test_login_invaild_username&lt;/td&gt;&#34;, &#34;&lt;td class=\&#34;col-duration\&#34;&gt;892 ms&lt;/td&gt;&#34;, &#34;&lt;td class=\&#34;col-links\&#34;&gt;&lt;/td&gt;&#34;], &#34;log&#34;: &#34;No log output captured.&#34;}], &#34;bwctest/tests/login/test_login_negative.py::TestLoginNegative::test_login_invaild_password&#34;: [{&#34;extras&#34;: [], &#34;result&#34;: &#34;Passed&#34;, &#34;testId&#34;: &#34;bwctest/tests/login/test_login_negative.py::TestLoginNegative::test_login_invaild_password&#34;, &#34;duration&#34;: &#34;00:00:02&#34;, &#34;resultsTableRow&#34;: [&#34;&lt;td class=\&#34;col-result\&#34;&gt;Passed&lt;/td&gt;&#34;, &#34;&lt;td class=\&#34;col-testId\&#34;&gt;bwctest/tests/login/test_login_negative.py::TestLoginNegative::test_login_invaild_password&lt;/td&gt;&#34;, &#34;&lt;td class=\&#34;col-duration\&#34;&gt;00:00:02&lt;/td&gt;&#34;, &#34;&lt;td class=\&#34;col-links\&#34;&gt;&lt;/td&gt;&#34;], &#34;log&#34;: &#34;No log output captured.&#34;}], &#34;bwctest/tests/login/test_login_positive.py::TestLoginPositive::test_login_existing_admin&#34;: [{&#34;extras&#34;: [], &#34;result&#34;: &#34;Passed&#34;, &#34;testId&#34;: &#34;bwctest/tests/login/test_login_positive.py::TestLoginPositive::test_login_existing_admin&#34;, &#34;duration&#34;: &#34;00:00:03&#34;, &#34;resultsTableRow&#34;: [&#34;&lt;td class=\&#34;col-result\&#34;&gt;Passed&lt;/td&gt;&#34;, &#34;&lt;td class=\&#34;col-testId\&#34;&gt;bwctest/tests/login/test_login_positive.py::TestLoginPositive::test_login_existing_admin&lt;/td&gt;&#34;, &#34;&lt;td class=\&#34;col-duration\&#34;&gt;00:00:03&lt;/td&gt;&#34;, &#34;&lt;td class=\&#34;col-links\&#34;&gt;&lt;/td&gt;&#34;], &#34;log&#34;: &#34;No log output captured.&#34;}], &#34;bwctest/tests/login/test_login_positive.py::TestLoginPositive::test_login_existing_user&#34;: [{&#34;extras&#34;: [], &#34;result&#34;: &#34;Passed&#34;, &#34;testId&#34;: &#34;bwctest/tests/login/test_login_positive.py::TestLoginPositive::test_login_existing_user&#34;, &#34;duration&#34;: &#34;00:00:03&#34;, &#34;resultsTableRow&#34;: [&#34;&lt;td class=\&#34;col-result\&#34;&gt;Passed&lt;/td&gt;&#34;, &#34;&lt;td class=\&#34;col-testId\&#34;&gt;bwctest/tests/login/test_login_positive.py::TestLoginPositive::test_login_existing_user&lt;/td&gt;&#34;, &#34;&lt;td class=\&#34;col-duration\&#34;&gt;00:00:03&lt;/td&gt;&#34;, &#34;&lt;td class=\&#34;col-links\&#34;&gt;&lt;/td&gt;&#34;], &#34;log&#34;: &#34;No log output captured.&#34;}], &#34;bwctest/tests/mainmap/test_main_map_contents_displayed.py::TestMainMapContentDisplayed::test_pins_are_displayed_on_main_map&#34;: [{&#34;extras&#34;: [], &#34;result&#34;: &#34;Passed&#34;, &#34;testId&#34;: &#34;bwctest/tests/mainmap/test_main_map_contents_displayed.py::TestMainMapContentDisplayed::test_pins_are_displayed_on_main_map&#34;, &#34;duration&#34;: &#34;00:00:01&#34;, &#34;resultsTableRow&#34;: [&#34;&lt;td class=\&#34;col-result\&#34;&gt;Passed&lt;/td&gt;&#34;, &#34;&lt;td class=\&#34;col-testId\&#34;&gt;bwctest/tests/mainmap/test_main_map_contents_displayed.py::TestMainMapContentDisplayed::test_pins_are_displayed_on_main_map&lt;/td&gt;&#34;, &#34;&lt;td class=\&#34;col-duration\&#34;&gt;00:00:01&lt;/td&gt;&#34;, &#34;&lt;td class=\&#34;col-links\&#34;&gt;&lt;/td&gt;&#34;], &#34;log&#34;: &#34;No log output captured.&#34;}], &#34;bwctest/tests/mainmap/test_main_map_contents_displayed.py::TestMainMapContentDisplayed::test_click_a_pin&#34;: [{&#34;extras&#34;: [], &#34;result&#34;: &#34;Passed&#34;, &#34;testId&#34;: &#34;bwctest/tests/mainmap/test_main_map_contents_displayed.py::TestMainMapContentDisplayed::test_click_a_pin&#34;, &#34;duration&#34;: &#34;00:00:02&#34;, &#34;resultsTableRow&#34;: [&#34;&lt;td class=\&#34;col-result\&#34;&gt;Passed&lt;/td&gt;&#34;, &#34;&lt;td class=\&#34;col-testId\&#34;&gt;bwctest/tests/mainmap/test_main_map_contents_displayed.py::TestMainMapContentDisplayed::test_click_a_pin&lt;/td&gt;&#34;, &#34;&lt;td class=\&#34;col-duration\&#34;&gt;00:00:02&lt;/td&gt;&#34;, &#34;&lt;td class=\&#34;col-links\&#34;&gt;&lt;/td&gt;&#34;], &#34;log&#34;: &#34;No log output captured.&#34;}], &#34;bwctest/tests/mainmap/test_main_map_contents_displayed.py::TestMainMapContentDisplayed::test_click_link_on_popup&#34;: [{&#34;extras&#34;: [], &#34;result&#34;: &#34;Passed&#34;, &#34;testId&#34;: &#34;bwctest/tests/mainmap/test_main_map_contents_displayed.py::TestMainMapContentDisplayed::test_click_link_on_popup&#34;, &#34;duration&#34;: &#34;00:00:03&#34;, &#34;resultsTableRow&#34;: [&#34;&lt;td class=\&#34;col-result\&#34;&gt;Passed&lt;/td&gt;&#34;, &#34;&lt;td class=\&#34;col-testId\&#34;&gt;bwctest/tests/mainmap/test_main_map_contents_displayed.py::TestMainMapContentDisplayed::test_click_link_on_popup&lt;/td&gt;&#34;, &#34;&lt;td class=\&#34;col-duration\&#34;&gt;00:00:03&lt;/td&gt;&#34;, &#34;&lt;td class=\&#34;col-links\&#34;&gt;&lt;/td&gt;&#34;], &#34;log&#34;: &#34;No log output captured.&#34;}], &#34;bwctest/tests/mainmap/test_main_map_contents_displayed.py::TestMainMapContentDisplayed::test_click_close_button_on_popup&#34;: [{&#34;extras&#34;: [], &#34;result&#34;: &#34;Passed&#34;, &#34;testId&#34;: &#34;bwctest/tests/mainmap/test_main_map_contents_displayed.py::TestMainMapContentDisplayed::test_click_close_button_on_popup&#34;, &#34;duration&#34;: &#34;00:00:02&#34;, &#34;resultsTableRow&#34;: [&#34;&lt;td class=\&#34;col-result\&#34;&gt;Passed&lt;/td&gt;&#34;, &#34;&lt;td class=\&#34;col-testId\&#34;&gt;bwctest/tests/mainmap/test_main_map_contents_displayed.py::TestMainMapContentDisplayed::test_click_close_button_on_popup&lt;/td&gt;&#34;, &#34;&lt;td class=\&#34;col-duration\&#34;&gt;00:00:02&lt;/td&gt;&#34;, &#34;&lt;td class=\&#34;col-links\&#34;&gt;&lt;/td&gt;&#34;], &#34;log&#34;: &#34;No log output captured.&#34;}], &#34;bwctest/tests/mainmap/test_main_map_contents_displayed.py::TestMainMapContentDisplayed::test_seached_result_is_displayed_on_map&#34;: [{&#34;extras&#34;: [], &#34;result&#34;: &#34;Failed&#34;, &#34;testId&#34;: &#34;bwctest/tests/mainmap/test_main_map_contents_displayed.py::TestMainMapContentDisplayed::test_seached_result_is_displayed_on_map&#34;, &#34;duration&#34;: &#34;00:00:14&#34;, &#34;resultsTableRow&#34;: [&#34;&lt;td class=\&#34;col-result\&#34;&gt;Failed&lt;/td&gt;&#34;, &#34;&lt;td class=\&#34;col-testId\&#34;&gt;bwctest/tests/mainmap/test_main_map_contents_displayed.py::TestMainMapContentDisplayed::test_seached_result_is_displayed_on_map&lt;/td&gt;&#34;, &#34;&lt;td class=\&#34;col-duration\&#34;&gt;00:00:14&lt;/td&gt;&#34;, &#34;&lt;td class=\&#34;col-links\&#34;&gt;&lt;/td&gt;&#34;], &#34;log&#34;: &#34;self = &amp;lt;src.SeleniumExtended.SeleniumExtended object at 0x000002B040EE8310&amp;gt;\nlocator = (&#39;css selector&#39;, &#39;div.mapboxgl-marker&#39;), timeout = 10\nerr = \&#34;Unable to find elements located by &#39;(&#39;css selector&#39;, &#39;div.mapboxgl-marker&#39;)&#39;\&#34;\n\n    def wait_and_get_elements(self, locator, timeout=None, err=None):\n        timeout = timeout if timeout else self.default_timeout\n        err = err if err else f\&#34;Unable to find elements located by &#39;{locator}&#39;\&#34;\n        f\&#34;After time of {timeout}\&#34;\n    \n        try:\n&amp;gt;           elements = WebDriverWait(self.driver, timeout).until(\n                EC.visibility_of_all_elements_located(locator))\n\nbwctest\\src\\SeleniumExtended.py:64: \n_ _ _ _ _ _ _ _ _ _ _ _ _ _ _ _ _ _ _ _ _ _ _ _ _ _ _ _ _ _ _ _ _ _ _ _ _ _ _ _ _ _ _ _ _ _ _ _ _ _ _ _ _ _ _ _ _ _\n\nself = &amp;lt;selenium.webdriver.support.wait.WebDriverWait (session=\&#34;89918b07-1d03-4cb0-bed9-13068aa06692\&#34;)&amp;gt;\nmethod = &amp;lt;function visibility_of_all_elements_located.&amp;lt;locals&amp;gt;._predicate at 0x000002B040E3E3E0&amp;gt;, message = &#39;&#39;\n\n    def until(self, method: Callable[[D], Union[Literal[False], T]], message: str = \&#34;\&#34;) -&amp;gt; T:\n        \&#34;\&#34;\&#34;Calls the method provided with the driver as an argument until the \\\n        return value does not evaluate to ``False``.\n    \n        :param method: callable(WebDriver)\n        :param message: optional message for :exc:`TimeoutException`\n        :returns: the result of the last call to `method`\n        :raises: :exc:`selenium.common.exceptions.TimeoutException` if timeout occurs\n        \&#34;\&#34;\&#34;\n        screen = None\n        stacktrace = None\n    \n        end_time = time.monotonic() + self._timeout\n        while True:\n            try:\n                value = method(self._driver)\n                if value:\n                    return value\n            except self._ignored_exceptions as exc:\n                screen = getattr(exc, \&#34;screen\&#34;, None)\n                stacktrace = getattr(exc, \&#34;stacktrace\&#34;, None)\n            time.sleep(self._poll)\n            if time.monotonic() &amp;gt; end_time:\n                break\n&amp;gt;       raise TimeoutException(message, screen, stacktrace)\nE       selenium.common.exceptions.TimeoutException: Message:\n\n..\\..\\..\\AppData\\Roaming\\Python\\Python311\\site-packages\\selenium\\webdriver\\support\\wait.py:105: TimeoutException\n\nDuring handling of the above exception, another exception occurred:\n\nself = &amp;lt;test_main_map_contents_displayed.TestMainMapContentDisplayed object at 0x000002B040DD3A50&amp;gt;\n\n    @pytest.mark.tcid605\n    def test_seached_result_is_displayed_on_map(self):\n        homepage = HomePage(self.driver)\n        search = SearchSection(self.driver)\n        map = MainMap(self.driver)\n    \n        homepage.go_to_homepage()\n    \n        self.driver.execute_script(\&#34;window.scrollTo(0, 500)\&#34;)\n    \n        search.choose_categories_on_seach_section(2)\n        search.click_search_button()\n    \n        number_of_seach_result_sites = len(homepage.get_all_sites())\n    \n        map.click_zoom_out()\n&amp;gt;       number_of_sites_on_map = len(map.get_pins())\n\nbwctest\\tests\\mainmap\\test_main_map_contents_displayed.py:76: \n_ _ _ _ _ _ _ _ _ _ _ _ _ _ _ _ _ _ _ _ _ _ _ _ _ _ _ _ _ _ _ _ _ _ _ _ _ _ _ _ _ _ _ _ _ _ _ _ _ _ _ _ _ _ _ _ _ _\nbwctest\\src\\pages\\MainMap.py:35: in get_pins\n    return self.sl.wait_and_get_elements(self.PINS_ON_MAP)\n_ _ _ _ _ _ _ _ _ _ _ _ _ _ _ _ _ _ _ _ _ _ _ _ _ _ _ _ _ _ _ _ _ _ _ _ _ _ _ _ _ _ _ _ _ _ _ _ _ _ _ _ _ _ _ _ _ _\n\nself = &amp;lt;src.SeleniumExtended.SeleniumExtended object at 0x000002B040EE8310&amp;gt;\nlocator = (&#39;css selector&#39;, &#39;div.mapboxgl-marker&#39;), timeout = 10\nerr = \&#34;Unable to find elements located by &#39;(&#39;css selector&#39;, &#39;div.mapboxgl-marker&#39;)&#39;\&#34;\n\n    def wait_and_get_elements(self, locator, timeout=None, err=None):\n        timeout = timeout if timeout else self.default_timeout\n        err = err if err else f\&#34;Unable to find elements located by &#39;{locator}&#39;\&#34;\n        f\&#34;After time of {timeout}\&#34;\n    \n        try:\n            elements = WebDriverWait(self.driver, timeout).until(\n                EC.visibility_of_all_elements_located(locator))\n        except TimeoutException:\n&amp;gt;           raise TimeoutException(err)\nE           selenium.common.exceptions.TimeoutException: Message: Unable to find elements located by &#39;(&#39;css selector&#39;, &#39;div.mapboxgl-marker&#39;)&#39;\n\nbwctest\\src\\SeleniumExtended.py:67: TimeoutException\n&#34;}], &#34;bwctest/tests/navigation/test_navigation_contents_displayed.py::TestContentDisplayed::test_navigation_is_displayed_on_all_the_pages&#34;: [{&#34;extras&#34;: [], &#34;result&#34;: &#34;Passed&#34;, &#34;testId&#34;: &#34;bwctest/tests/navigation/test_navigation_contents_displayed.py::TestContentDisplayed::test_navigation_is_displayed_on_all_the_pages&#34;, &#34;duration&#34;: &#34;00:00:53&#34;, &#34;resultsTableRow&#34;: [&#34;&lt;td class=\&#34;col-result\&#34;&gt;Passed&lt;/td&gt;&#34;, &#34;&lt;td class=\&#34;col-testId\&#34;&gt;bwctest/tests/navigation/test_navigation_contents_displayed.py::TestContentDisplayed::test_navigation_is_displayed_on_all_the_pages&lt;/td&gt;&#34;, &#34;&lt;td class=\&#34;col-duration\&#34;&gt;00:00:53&lt;/td&gt;&#34;, &#34;&lt;td class=\&#34;col-links\&#34;&gt;&lt;/td&gt;&#34;], &#34;log&#34;: &#34;No log output captured.&#34;}], &#34;bwctest/tests/navigation/test_navigation_contents_displayed.py::TestContentDisplayed::test_logout_button_is_displayed_for_logged_in_user&#34;: [{&#34;extras&#34;: [], &#34;result&#34;: &#34;Passed&#34;, &#34;testId&#34;: &#34;bwctest/tests/navigation/test_navigation_contents_displayed.py::TestContentDisplayed::test_logout_button_is_displayed_for_logged_in_user&#34;, &#34;duration&#34;: &#34;00:00:03&#34;, &#34;resultsTableRow&#34;: [&#34;&lt;td class=\&#34;col-result\&#34;&gt;Passed&lt;/td&gt;&#34;, &#34;&lt;td class=\&#34;col-testId\&#34;&gt;bwctest/tests/navigation/test_navigation_contents_displayed.py::TestContentDisplayed::test_logout_button_is_displayed_for_logged_in_user&lt;/td&gt;&#34;, &#34;&lt;td class=\&#34;col-duration\&#34;&gt;00:00:03&lt;/td&gt;&#34;, &#34;&lt;td class=\&#34;col-links\&#34;&gt;&lt;/td&gt;&#34;], &#34;log&#34;: &#34;No log output captured.&#34;}], &#34;bwctest/tests/navigation/test_navigation_contents_displayed.py::TestContentDisplayed::test_click_logout_button&#34;: [{&#34;extras&#34;: [], &#34;result&#34;: &#34;Passed&#34;, &#34;testId&#34;: &#34;bwctest/tests/navigation/test_navigation_contents_displayed.py::TestContentDisplayed::test_click_logout_button&#34;, &#34;duration&#34;: &#34;00:00:05&#34;, &#34;resultsTableRow&#34;: [&#34;&lt;td class=\&#34;col-result\&#34;&gt;Passed&lt;/td&gt;&#34;, &#34;&lt;td class=\&#34;col-testId\&#34;&gt;bwctest/tests/navigation/test_navigation_contents_displayed.py::TestContentDisplayed::test_click_logout_button&lt;/td&gt;&#34;, &#34;&lt;td class=\&#34;col-duration\&#34;&gt;00:00:05&lt;/td&gt;&#34;, &#34;&lt;td class=\&#34;col-links\&#34;&gt;&lt;/td&gt;&#34;], &#34;log&#34;: &#34;No log output captured.&#34;}], &#34;bwctest/tests/navigation/test_navigation_contents_displayed.py::TestContentDisplayed::test_login_and_register_button_is_displayed&#34;: [{&#34;extras&#34;: [], &#34;result&#34;: &#34;Passed&#34;, &#34;testId&#34;: &#34;bwctest/tests/navigation/test_navigation_contents_displayed.py::TestContentDisplayed::test_login_and_register_button_is_displayed&#34;, &#34;duration&#34;: &#34;00:00:01&#34;, &#34;resultsTableRow&#34;: [&#34;&lt;td class=\&#34;col-result\&#34;&gt;Passed&lt;/td&gt;&#34;, &#34;&lt;td class=\&#34;col-testId\&#34;&gt;bwctest/tests/navigation/test_navigation_contents_displayed.py::TestContentDisplayed::test_login_and_register_button_is_displayed&lt;/td&gt;&#34;, &#34;&lt;td class=\&#34;col-duration\&#34;&gt;00:00:01&lt;/td&gt;&#34;, &#34;&lt;td class=\&#34;col-links\&#34;&gt;&lt;/td&gt;&#34;], &#34;log&#34;: &#34;No log output captured.&#34;}], &#34;bwctest/tests/navigation/test_navigation_contents_displayed.py::TestContentDisplayed::test_click_login_button&#34;: [{&#34;extras&#34;: [], &#34;result&#34;: &#34;Passed&#34;, &#34;testId&#34;: &#34;bwctest/tests/navigation/test_navigation_contents_displayed.py::TestContentDisplayed::test_click_login_button&#34;, &#34;duration&#34;: &#34;00:00:02&#34;, &#34;resultsTableRow&#34;: [&#34;&lt;td class=\&#34;col-result\&#34;&gt;Passed&lt;/td&gt;&#34;, &#34;&lt;td class=\&#34;col-testId\&#34;&gt;bwctest/tests/navigation/test_navigation_contents_displayed.py::TestContentDisplayed::test_click_login_button&lt;/td&gt;&#34;, &#34;&lt;td class=\&#34;col-duration\&#34;&gt;00:00:02&lt;/td&gt;&#34;, &#34;&lt;td class=\&#34;col-links\&#34;&gt;&lt;/td&gt;&#34;], &#34;log&#34;: &#34;No log output captured.&#34;}], &#34;bwctest/tests/navigation/test_navigation_contents_displayed.py::TestContentDisplayed::test_click_register_button&#34;: [{&#34;extras&#34;: [], &#34;result&#34;: &#34;Passed&#34;, &#34;testId&#34;: &#34;bwctest/tests/navigation/test_navigation_contents_displayed.py::TestContentDisplayed::test_click_register_button&#34;, &#34;duration&#34;: &#34;00:00:02&#34;, &#34;resultsTableRow&#34;: [&#34;&lt;td class=\&#34;col-result\&#34;&gt;Passed&lt;/td&gt;&#34;, &#34;&lt;td class=\&#34;col-testId\&#34;&gt;bwctest/tests/navigation/test_navigation_contents_displayed.py::TestContentDisplayed::test_click_register_button&lt;/td&gt;&#34;, &#34;&lt;td class=\&#34;col-duration\&#34;&gt;00:00:02&lt;/td&gt;&#34;, &#34;&lt;td class=\&#34;col-links\&#34;&gt;&lt;/td&gt;&#34;], &#34;log&#34;: &#34;No log output captured.&#34;}], &#34;bwctest/tests/navigation/test_navigation_contents_displayed.py::TestContentDisplayed::test_post_new_site_button_is_not_displayed&#34;: [{&#34;extras&#34;: [], &#34;result&#34;: &#34;Passed&#34;, &#34;testId&#34;: &#34;bwctest/tests/navigation/test_navigation_contents_displayed.py::TestContentDisplayed::test_post_new_site_button_is_not_displayed&#34;, &#34;duration&#34;: &#34;947 ms&#34;, &#34;resultsTableRow&#34;: [&#34;&lt;td class=\&#34;col-result\&#34;&gt;Passed&lt;/td&gt;&#34;, &#34;&lt;td class=\&#34;col-testId\&#34;&gt;bwctest/tests/navigation/test_navigation_contents_displayed.py::TestContentDisplayed::test_post_new_site_button_is_not_displayed&lt;/td&gt;&#34;, &#34;&lt;td class=\&#34;col-duration\&#34;&gt;947 ms&lt;/td&gt;&#34;, &#34;&lt;td class=\&#34;col-links\&#34;&gt;&lt;/td&gt;&#34;], &#34;log&#34;: &#34;No log output captured.&#34;}], &#34;bwctest/tests/navigation/test_navigation_contents_displayed.py::TestContentDisplayed::test_post_new_site_button_is_displayed_for_admin&#34;: [{&#34;extras&#34;: [], &#34;result&#34;: &#34;Passed&#34;, &#34;testId&#34;: &#34;bwctest/tests/navigation/test_navigation_contents_displayed.py::TestContentDisplayed::test_post_new_site_button_is_displayed_for_admin&#34;, &#34;duration&#34;: &#34;00:00:03&#34;, &#34;resultsTableRow&#34;: [&#34;&lt;td class=\&#34;col-result\&#34;&gt;Passed&lt;/td&gt;&#34;, &#34;&lt;td class=\&#34;col-testId\&#34;&gt;bwctest/tests/navigation/test_navigation_contents_displayed.py::TestContentDisplayed::test_post_new_site_button_is_displayed_for_admin&lt;/td&gt;&#34;, &#34;&lt;td class=\&#34;col-duration\&#34;&gt;00:00:03&lt;/td&gt;&#34;, &#34;&lt;td class=\&#34;col-links\&#34;&gt;&lt;/td&gt;&#34;], &#34;log&#34;: &#34;No log output captured.&#34;}], &#34;bwctest/tests/navigation/test_navigation_contents_displayed.py::TestContentDisplayed::test_click_post_button&#34;: [{&#34;extras&#34;: [], &#34;result&#34;: &#34;Passed&#34;, &#34;testId&#34;: &#34;bwctest/tests/navigation/test_navigation_contents_displayed.py::TestContentDisplayed::test_click_post_button&#34;, &#34;duration&#34;: &#34;00:00:03&#34;, &#34;resultsTableRow&#34;: [&#34;&lt;td class=\&#34;col-result\&#34;&gt;Passed&lt;/td&gt;&#34;, &#34;&lt;td class=\&#34;col-testId\&#34;&gt;bwctest/tests/navigation/test_navigation_contents_displayed.py::TestContentDisplayed::test_click_post_button&lt;/td&gt;&#34;, &#34;&lt;td class=\&#34;col-duration\&#34;&gt;00:00:03&lt;/td&gt;&#34;, &#34;&lt;td class=\&#34;col-links\&#34;&gt;&lt;/td&gt;&#34;], &#34;log&#34;: &#34;No log output captured.&#34;}], &#34;bwctest/tests/navigation/test_navigation_contents_displayed.py::TestContentDisplayed::test_click_site_logo&#34;: [{&#34;extras&#34;: [], &#34;result&#34;: &#34;Passed&#34;, &#34;testId&#34;: &#34;bwctest/tests/navigation/test_navigation_contents_displayed.py::TestContentDisplayed::test_click_site_logo&#34;, &#34;duration&#34;: &#34;847 ms&#34;, &#34;resultsTableRow&#34;: [&#34;&lt;td class=\&#34;col-result\&#34;&gt;Passed&lt;/td&gt;&#34;, &#34;&lt;td class=\&#34;col-testId\&#34;&gt;bwctest/tests/navigation/test_navigation_contents_displayed.py::TestContentDisplayed::test_click_site_logo&lt;/td&gt;&#34;, &#34;&lt;td class=\&#34;col-duration\&#34;&gt;847 ms&lt;/td&gt;&#34;, &#34;&lt;td class=\&#34;col-links\&#34;&gt;&lt;/td&gt;&#34;], &#34;log&#34;: &#34;No log output captured.&#34;}], &#34;bwctest/tests/register/test_register_contents_displayed.py::TestContentDisplayed::test_correct_username_and_password_labels_are_displayed&#34;: [{&#34;extras&#34;: [], &#34;result&#34;: &#34;Passed&#34;, &#34;testId&#34;: &#34;bwctest/tests/register/test_register_contents_displayed.py::TestContentDisplayed::test_correct_username_and_password_labels_are_displayed&#34;, &#34;duration&#34;: &#34;553 ms&#34;, &#34;resultsTableRow&#34;: [&#34;&lt;td class=\&#34;col-result\&#34;&gt;Passed&lt;/td&gt;&#34;, &#34;&lt;td class=\&#34;col-testId\&#34;&gt;bwctest/tests/register/test_register_contents_displayed.py::TestContentDisplayed::test_correct_username_and_password_labels_are_displayed&lt;/td&gt;&#34;, &#34;&lt;td class=\&#34;col-duration\&#34;&gt;553 ms&lt;/td&gt;&#34;, &#34;&lt;td class=\&#34;col-links\&#34;&gt;&lt;/td&gt;&#34;], &#34;log&#34;: &#34;No log output captured.&#34;}], &#34;bwctest/tests/register/test_register_contents_displayed.py::TestContentDisplayed::test_correct_login_button_is_displayed&#34;: [{&#34;extras&#34;: [], &#34;result&#34;: &#34;Passed&#34;, &#34;testId&#34;: &#34;bwctest/tests/register/test_register_contents_displayed.py::TestContentDisplayed::test_correct_login_button_is_displayed&#34;, &#34;duration&#34;: &#34;343 ms&#34;, &#34;resultsTableRow&#34;: [&#34;&lt;td class=\&#34;col-result\&#34;&gt;Passed&lt;/td&gt;&#34;, &#34;&lt;td class=\&#34;col-testId\&#34;&gt;bwctest/tests/register/test_register_contents_displayed.py::TestContentDisplayed::test_correct_login_button_is_displayed&lt;/td&gt;&#34;, &#34;&lt;td class=\&#34;col-duration\&#34;&gt;343 ms&lt;/td&gt;&#34;, &#34;&lt;td class=\&#34;col-links\&#34;&gt;&lt;/td&gt;&#34;], &#34;log&#34;: &#34;No log output captured.&#34;}], &#34;bwctest/tests/register/test_register_negative.py::TestRegisterNegative::test_register_empty_username&#34;: [{&#34;extras&#34;: [], &#34;result&#34;: &#34;Passed&#34;, &#34;testId&#34;: &#34;bwctest/tests/register/test_register_negative.py::TestRegisterNegative::test_register_empty_username&#34;, &#34;duration&#34;: &#34;00:00:01&#34;, &#34;resultsTableRow&#34;: [&#34;&lt;td class=\&#34;col-result\&#34;&gt;Passed&lt;/td&gt;&#34;, &#34;&lt;td class=\&#34;col-testId\&#34;&gt;bwctest/tests/register/test_register_negative.py::TestRegisterNegative::test_register_empty_username&lt;/td&gt;&#34;, &#34;&lt;td class=\&#34;col-duration\&#34;&gt;00:00:01&lt;/td&gt;&#34;, &#34;&lt;td class=\&#34;col-links\&#34;&gt;&lt;/td&gt;&#34;], &#34;log&#34;: &#34;No log output captured.&#34;}], &#34;bwctest/tests/register/test_register_negative.py::TestRegisterNegative::test_register_empty_email&#34;: [{&#34;extras&#34;: [], &#34;result&#34;: &#34;Failed&#34;, &#34;testId&#34;: &#34;bwctest/tests/register/test_register_negative.py::TestRegisterNegative::test_register_empty_email&#34;, &#34;duration&#34;: &#34;00:00:12&#34;, &#34;resultsTableRow&#34;: [&#34;&lt;td class=\&#34;col-result\&#34;&gt;Failed&lt;/td&gt;&#34;, &#34;&lt;td class=\&#34;col-testId\&#34;&gt;bwctest/tests/register/test_register_negative.py::TestRegisterNegative::test_register_empty_email&lt;/td&gt;&#34;, &#34;&lt;td class=\&#34;col-duration\&#34;&gt;00:00:12&lt;/td&gt;&#34;, &#34;&lt;td class=\&#34;col-links\&#34;&gt;&lt;/td&gt;&#34;], &#34;log&#34;: &#34;self = &amp;lt;test_register_negative.TestRegisterNegative object at 0x000002B040DEFB90&amp;gt;\n\n    @pytest.mark.tcid205\n    def test_register_empty_email(self):\n        register = RegisterPage(self.driver)\n        alert = Alert(self.driver)\n    \n        register.go_to_register()\n        rand_info = generate_random_username_email_and_password()\n        register.input_register_username(rand_info[\&#34;username\&#34;])\n        register.input_register_email(\&#34;\&#34;)\n        register.input_register_password(rand_info[\&#34;password\&#34;])\n        register.click_register_button()\n    \n        expected_error = \&#34;No email was given\&#34;\n&amp;gt;       alert.wait_until_error_message_is_displayed(expected_error)\n\nbwctest\\tests\\register\\test_register_negative.py:38: \n_ _ _ _ _ _ _ _ _ _ _ _ _ _ _ _ _ _ _ _ _ _ _ _ _ _ _ _ _ _ _ _ _ _ _ _ _ _ _ _ _ _ _ _ _ _ _ _ _ _ _ _ _ _ _ _ _ _\nbwctest\\src\\pages\\Alert.py:14: in wait_until_error_message_is_displayed\n    self.sl.wait_until_element_contains_text(self.ALERT_ERR_MSG, exp_err)\nbwctest\\src\\SeleniumExtended.py:33: in wait_until_element_contains_text\n    WebDriverWait(self.driver, timeout).until(\n_ _ _ _ _ _ _ _ _ _ _ _ _ _ _ _ _ _ _ _ _ _ _ _ _ _ _ _ _ _ _ _ _ _ _ _ _ _ _ _ _ _ _ _ _ _ _ _ _ _ _ _ _ _ _ _ _ _\n\nself = &amp;lt;selenium.webdriver.support.wait.WebDriverWait (session=\&#34;e2876601-b1af-4979-b780-e29e33be8345\&#34;)&amp;gt;\nmethod = &amp;lt;function text_to_be_present_in_element.&amp;lt;locals&amp;gt;._predicate at 0x000002B040EBA3E0&amp;gt;, message = &#39;&#39;\n\n    def until(self, method: Callable[[D], Union[Literal[False], T]], message: str = \&#34;\&#34;) -&amp;gt; T:\n        \&#34;\&#34;\&#34;Calls the method provided with the driver as an argument until the \\\n        return value does not evaluate to ``False``.\n    \n        :param method: callable(WebDriver)\n        :param message: optional message for :exc:`TimeoutException`\n        :returns: the result of the last call to `method`\n        :raises: :exc:`selenium.common.exceptions.TimeoutException` if timeout occurs\n        \&#34;\&#34;\&#34;\n        screen = None\n        stacktrace = None\n    \n        end_time = time.monotonic() + self._timeout\n        while True:\n            try:\n                value = method(self._driver)\n                if value:\n                    return value\n            except self._ignored_exceptions as exc:\n                screen = getattr(exc, \&#34;screen\&#34;, None)\n                stacktrace = getattr(exc, \&#34;stacktrace\&#34;, None)\n            time.sleep(self._poll)\n            if time.monotonic() &amp;gt; end_time:\n                break\n&amp;gt;       raise TimeoutException(message, screen, stacktrace)\nE       selenium.common.exceptions.TimeoutException: Message:\n\n..\\..\\..\\AppData\\Roaming\\Python\\Python311\\site-packages\\selenium\\webdriver\\support\\wait.py:105: TimeoutException\n&#34;}], &#34;bwctest/tests/register/test_register_negative.py::TestRegisterNegative::test_register_invalid_email&#34;: [{&#34;extras&#34;: [], &#34;result&#34;: &#34;Failed&#34;, &#34;testId&#34;: &#34;bwctest/tests/register/test_register_negative.py::TestRegisterNegative::test_register_invalid_email&#34;, &#34;duration&#34;: &#34;00:00:12&#34;, &#34;resultsTableRow&#34;: [&#34;&lt;td class=\&#34;col-result\&#34;&gt;Failed&lt;/td&gt;&#34;, &#34;&lt;td class=\&#34;col-testId\&#34;&gt;bwctest/tests/register/test_register_negative.py::TestRegisterNegative::test_register_invalid_email&lt;/td&gt;&#34;, &#34;&lt;td class=\&#34;col-duration\&#34;&gt;00:00:12&lt;/td&gt;&#34;, &#34;&lt;td class=\&#34;col-links\&#34;&gt;&lt;/td&gt;&#34;], &#34;log&#34;: &#34;self = &amp;lt;test_register_negative.TestRegisterNegative object at 0x000002B040DFC210&amp;gt;\n\n    @pytest.mark.tcid206\n    def test_register_invalid_email(self):\n        register = RegisterPage(self.driver)\n        alert = Alert(self.driver)\n    \n        register.go_to_register()\n        rand_info = generate_random_username_email_and_password()\n        register.input_register_username(rand_info[\&#34;username\&#34;])\n        register.input_register_email(\&#34;aaaa\&#34;) # without @ and domain#\n        register.input_register_password(rand_info[\&#34;password\&#34;])\n        register.click_register_button()\n    \n        expected_error = \&#34;This email is invalid\&#34;\n&amp;gt;       alert.wait_until_error_message_is_displayed(expected_error)\n\nbwctest\\tests\\register\\test_register_negative.py:53: \n_ _ _ _ _ _ _ _ _ _ _ _ _ _ _ _ _ _ _ _ _ _ _ _ _ _ _ _ _ _ _ _ _ _ _ _ _ _ _ _ _ _ _ _ _ _ _ _ _ _ _ _ _ _ _ _ _ _\nbwctest\\src\\pages\\Alert.py:14: in wait_until_error_message_is_displayed\n    self.sl.wait_until_element_contains_text(self.ALERT_ERR_MSG, exp_err)\nbwctest\\src\\SeleniumExtended.py:33: in wait_until_element_contains_text\n    WebDriverWait(self.driver, timeout).until(\n_ _ _ _ _ _ _ _ _ _ _ _ _ _ _ _ _ _ _ _ _ _ _ _ _ _ _ _ _ _ _ _ _ _ _ _ _ _ _ _ _ _ _ _ _ _ _ _ _ _ _ _ _ _ _ _ _ _\n\nself = &amp;lt;selenium.webdriver.support.wait.WebDriverWait (session=\&#34;e2876601-b1af-4979-b780-e29e33be8345\&#34;)&amp;gt;\nmethod = &amp;lt;function text_to_be_present_in_element.&amp;lt;locals&amp;gt;._predicate at 0x000002B040EBAA20&amp;gt;, message = &#39;&#39;\n\n    def until(self, method: Callable[[D], Union[Literal[False], T]], message: str = \&#34;\&#34;) -&amp;gt; T:\n        \&#34;\&#34;\&#34;Calls the method provided with the driver as an argument until the \\\n        return value does not evaluate to ``False``.\n    \n        :param method: callable(WebDriver)\n        :param message: optional message for :exc:`TimeoutException`\n        :returns: the result of the last call to `method`\n        :raises: :exc:`selenium.common.exceptions.TimeoutException` if timeout occurs\n        \&#34;\&#34;\&#34;\n        screen = None\n        stacktrace = None\n    \n        end_time = time.monotonic() + self._timeout\n        while True:\n            try:\n                value = method(self._driver)\n                if value:\n                    return value\n            except self._ignored_exceptions as exc:\n                screen = getattr(exc, \&#34;screen\&#34;, None)\n                stacktrace = getattr(exc, \&#34;stacktrace\&#34;, None)\n            time.sleep(self._poll)\n            if time.monotonic() &amp;gt; end_time:\n                break\n&amp;gt;       raise TimeoutException(message, screen, stacktrace)\nE       selenium.common.exceptions.TimeoutException: Message:\n\n..\\..\\..\\AppData\\Roaming\\Python\\Python311\\site-packages\\selenium\\webdriver\\support\\wait.py:105: TimeoutException\n&#34;}], &#34;bwctest/tests/register/test_register_negative.py::TestRegisterNegative::test_register_empty_password&#34;: [{&#34;extras&#34;: [], &#34;result&#34;: &#34;Passed&#34;, &#34;testId&#34;: &#34;bwctest/tests/register/test_register_negative.py::TestRegisterNegative::test_register_empty_password&#34;, &#34;duration&#34;: &#34;855 ms&#34;, &#34;resultsTableRow&#34;: [&#34;&lt;td class=\&#34;col-result\&#34;&gt;Passed&lt;/td&gt;&#34;, &#34;&lt;td class=\&#34;col-testId\&#34;&gt;bwctest/tests/register/test_register_negative.py::TestRegisterNegative::test_register_empty_password&lt;/td&gt;&#34;, &#34;&lt;td class=\&#34;col-duration\&#34;&gt;855 ms&lt;/td&gt;&#34;, &#34;&lt;td class=\&#34;col-links\&#34;&gt;&lt;/td&gt;&#34;], &#34;log&#34;: &#34;No log output captured.&#34;}], &#34;bwctest/tests/register/test_register_negative.py::TestRegisterNegative::test_register_existing_username&#34;: [{&#34;extras&#34;: [], &#34;result&#34;: &#34;Passed&#34;, &#34;testId&#34;: &#34;bwctest/tests/register/test_register_negative.py::TestRegisterNegative::test_register_existing_username&#34;, &#34;duration&#34;: &#34;972 ms&#34;, &#34;resultsTableRow&#34;: [&#34;&lt;td class=\&#34;col-result\&#34;&gt;Passed&lt;/td&gt;&#34;, &#34;&lt;td class=\&#34;col-testId\&#34;&gt;bwctest/tests/register/test_register_negative.py::TestRegisterNegative::test_register_existing_username&lt;/td&gt;&#34;, &#34;&lt;td class=\&#34;col-duration\&#34;&gt;972 ms&lt;/td&gt;&#34;, &#34;&lt;td class=\&#34;col-links\&#34;&gt;&lt;/td&gt;&#34;], &#34;log&#34;: &#34;No log output captured.&#34;}], &#34;bwctest/tests/register/test_register_negative.py::TestRegisterNegative::test_register_existing_email&#34;: [{&#34;extras&#34;: [], &#34;result&#34;: &#34;Failed&#34;, &#34;testId&#34;: &#34;bwctest/tests/register/test_register_negative.py::TestRegisterNegative::test_register_existing_email&#34;, &#34;duration&#34;: &#34;00:00:12&#34;, &#34;resultsTableRow&#34;: [&#34;&lt;td class=\&#34;col-result\&#34;&gt;Failed&lt;/td&gt;&#34;, &#34;&lt;td class=\&#34;col-testId\&#34;&gt;bwctest/tests/register/test_register_negative.py::TestRegisterNegative::test_register_existing_email&lt;/td&gt;&#34;, &#34;&lt;td class=\&#34;col-duration\&#34;&gt;00:00:12&lt;/td&gt;&#34;, &#34;&lt;td class=\&#34;col-links\&#34;&gt;&lt;/td&gt;&#34;], &#34;log&#34;: &#34;self = &amp;lt;test_register_negative.TestRegisterNegative object at 0x000002B040DEFED0&amp;gt;\n\n    @pytest.mark.tcid209\n    def test_register_existing_email(self):\n            register = RegisterPage(self.driver)\n            alert = Alert(self.driver)\n    \n            register.go_to_register()\n            rand_info = generate_random_username_email_and_password()\n            register.input_register_username(rand_info[\&#34;username\&#34;])\n            register.input_register_email(GenericConfigs.VALID_USER[\&#34;email\&#34;])\n            register.input_register_password(rand_info[\&#34;password\&#34;])\n            register.click_register_button()\n    \n            expected_error = \&#34;The email is already used\&#34;\n&amp;gt;           alert.wait_until_error_message_is_displayed(expected_error)\n\nbwctest\\tests\\register\\test_register_negative.py:98: \n_ _ _ _ _ _ _ _ _ _ _ _ _ _ _ _ _ _ _ _ _ _ _ _ _ _ _ _ _ _ _ _ _ _ _ _ _ _ _ _ _ _ _ _ _ _ _ _ _ _ _ _ _ _ _ _ _ _\nbwctest\\src\\pages\\Alert.py:14: in wait_until_error_message_is_displayed\n    self.sl.wait_until_element_contains_text(self.ALERT_ERR_MSG, exp_err)\nbwctest\\src\\SeleniumExtended.py:33: in wait_until_element_contains_text\n    WebDriverWait(self.driver, timeout).until(\n_ _ _ _ _ _ _ _ _ _ _ _ _ _ _ _ _ _ _ _ _ _ _ _ _ _ _ _ _ _ _ _ _ _ _ _ _ _ _ _ _ _ _ _ _ _ _ _ _ _ _ _ _ _ _ _ _ _\n\nself = &amp;lt;selenium.webdriver.support.wait.WebDriverWait (session=\&#34;e2876601-b1af-4979-b780-e29e33be8345\&#34;)&amp;gt;\nmethod = &amp;lt;function text_to_be_present_in_element.&amp;lt;locals&amp;gt;._predicate at 0x000002B040EC5440&amp;gt;, message = &#39;&#39;\n\n    def until(self, method: Callable[[D], Union[Literal[False], T]], message: str = \&#34;\&#34;) -&amp;gt; T:\n        \&#34;\&#34;\&#34;Calls the method provided with the driver as an argument until the \\\n        return value does not evaluate to ``False``.\n    \n        :param method: callable(WebDriver)\n        :param message: optional message for :exc:`TimeoutException`\n        :returns: the result of the last call to `method`\n        :raises: :exc:`selenium.common.exceptions.TimeoutException` if timeout occurs\n        \&#34;\&#34;\&#34;\n        screen = None\n        stacktrace = None\n    \n        end_time = time.monotonic() + self._timeout\n        while True:\n            try:\n                value = method(self._driver)\n                if value:\n                    return value\n            except self._ignored_exceptions as exc:\n                screen = getattr(exc, \&#34;screen\&#34;, None)\n                stacktrace = getattr(exc, \&#34;stacktrace\&#34;, None)\n            time.sleep(self._poll)\n            if time.monotonic() &amp;gt; end_time:\n                break\n&amp;gt;       raise TimeoutException(message, screen, stacktrace)\nE       selenium.common.exceptions.TimeoutException: Message:\n\n..\\..\\..\\AppData\\Roaming\\Python\\Python311\\site-packages\\selenium\\webdriver\\support\\wait.py:105: TimeoutException\n&#34;}], &#34;bwctest/tests/register/test_register_positive.py::TestRegisterPositive::test_resister_new_user&#34;: [{&#34;extras&#34;: [], &#34;result&#34;: &#34;Passed&#34;, &#34;testId&#34;: &#34;bwctest/tests/register/test_register_positive.py::TestRegisterPositive::test_resister_new_user&#34;, &#34;duration&#34;: &#34;00:00:03&#34;, &#34;resultsTableRow&#34;: [&#34;&lt;td class=\&#34;col-result\&#34;&gt;Passed&lt;/td&gt;&#34;, &#34;&lt;td class=\&#34;col-testId\&#34;&gt;bwctest/tests/register/test_register_positive.py::TestRegisterPositive::test_resister_new_user&lt;/td&gt;&#34;, &#34;&lt;td class=\&#34;col-duration\&#34;&gt;00:00:03&lt;/td&gt;&#34;, &#34;&lt;td class=\&#34;col-links\&#34;&gt;&lt;/td&gt;&#34;], &#34;log&#34;: &#34;No log output captured.&#34;}], &#34;bwctest/tests/search/test_search_content_displayed.py::TestSearchContentDisplayed::test_correct_category_labels_are_displayed&#34;: [{&#34;extras&#34;: [], &#34;result&#34;: &#34;Passed&#34;, &#34;testId&#34;: &#34;bwctest/tests/search/test_search_content_displayed.py::TestSearchContentDisplayed::test_correct_category_labels_are_displayed&#34;, &#34;duration&#34;: &#34;00:00:01&#34;, &#34;resultsTableRow&#34;: [&#34;&lt;td class=\&#34;col-result\&#34;&gt;Passed&lt;/td&gt;&#34;, &#34;&lt;td class=\&#34;col-testId\&#34;&gt;bwctest/tests/search/test_search_content_displayed.py::TestSearchContentDisplayed::test_correct_category_labels_are_displayed&lt;/td&gt;&#34;, &#34;&lt;td class=\&#34;col-duration\&#34;&gt;00:00:01&lt;/td&gt;&#34;, &#34;&lt;td class=\&#34;col-links\&#34;&gt;&lt;/td&gt;&#34;], &#34;log&#34;: &#34;No log output captured.&#34;}], &#34;bwctest/tests/search/test_search_content_displayed.py::TestSearchContentDisplayed::test_correct_age_labels_are_displayed&#34;: [{&#34;extras&#34;: [], &#34;result&#34;: &#34;Passed&#34;, &#34;testId&#34;: &#34;bwctest/tests/search/test_search_content_displayed.py::TestSearchContentDisplayed::test_correct_age_labels_are_displayed&#34;, &#34;duration&#34;: &#34;00:00:01&#34;, &#34;resultsTableRow&#34;: [&#34;&lt;td class=\&#34;col-result\&#34;&gt;Passed&lt;/td&gt;&#34;, &#34;&lt;td class=\&#34;col-testId\&#34;&gt;bwctest/tests/search/test_search_content_displayed.py::TestSearchContentDisplayed::test_correct_age_labels_are_displayed&lt;/td&gt;&#34;, &#34;&lt;td class=\&#34;col-duration\&#34;&gt;00:00:01&lt;/td&gt;&#34;, &#34;&lt;td class=\&#34;col-links\&#34;&gt;&lt;/td&gt;&#34;], &#34;log&#34;: &#34;No log output captured.&#34;}], &#34;bwctest/tests/search/test_search_content_displayed.py::TestSearchContentDisplayed::test_search_button_is_displayed&#34;: [{&#34;extras&#34;: [], &#34;result&#34;: &#34;Passed&#34;, &#34;testId&#34;: &#34;bwctest/tests/search/test_search_content_displayed.py::TestSearchContentDisplayed::test_search_button_is_displayed&#34;, &#34;duration&#34;: &#34;902 ms&#34;, &#34;resultsTableRow&#34;: [&#34;&lt;td class=\&#34;col-result\&#34;&gt;Passed&lt;/td&gt;&#34;, &#34;&lt;td class=\&#34;col-testId\&#34;&gt;bwctest/tests/search/test_search_content_displayed.py::TestSearchContentDisplayed::test_search_button_is_displayed&lt;/td&gt;&#34;, &#34;&lt;td class=\&#34;col-duration\&#34;&gt;902 ms&lt;/td&gt;&#34;, &#34;&lt;td class=\&#34;col-links\&#34;&gt;&lt;/td&gt;&#34;], &#34;log&#34;: &#34;No log output captured.&#34;}], &#34;bwctest/tests/search/test_search_content_displayed.py::TestSearchContentDisplayed::test_clear_all_button_is_displayed&#34;: [{&#34;extras&#34;: [], &#34;result&#34;: &#34;Passed&#34;, &#34;testId&#34;: &#34;bwctest/tests/search/test_search_content_displayed.py::TestSearchContentDisplayed::test_clear_all_button_is_displayed&#34;, &#34;duration&#34;: &#34;00:00:01&#34;, &#34;resultsTableRow&#34;: [&#34;&lt;td class=\&#34;col-result\&#34;&gt;Passed&lt;/td&gt;&#34;, &#34;&lt;td class=\&#34;col-testId\&#34;&gt;bwctest/tests/search/test_search_content_displayed.py::TestSearchContentDisplayed::test_clear_all_button_is_displayed&lt;/td&gt;&#34;, &#34;&lt;td class=\&#34;col-duration\&#34;&gt;00:00:01&lt;/td&gt;&#34;, &#34;&lt;td class=\&#34;col-links\&#34;&gt;&lt;/td&gt;&#34;], &#34;log&#34;: &#34;No log output captured.&#34;}], &#34;bwctest/tests/search/test_search_content_displayed.py::TestSearchContentDisplayed::test_click_clear_all_button&#34;: [{&#34;extras&#34;: [], &#34;result&#34;: &#34;Passed&#34;, &#34;testId&#34;: &#34;bwctest/tests/search/test_search_content_displayed.py::TestSearchContentDisplayed::test_click_clear_all_button&#34;, &#34;duration&#34;: &#34;00:00:07&#34;, &#34;resultsTableRow&#34;: [&#34;&lt;td class=\&#34;col-result\&#34;&gt;Passed&lt;/td&gt;&#34;, &#34;&lt;td class=\&#34;col-testId\&#34;&gt;bwctest/tests/search/test_search_content_displayed.py::TestSearchContentDisplayed::test_click_clear_all_button&lt;/td&gt;&#34;, &#34;&lt;td class=\&#34;col-duration\&#34;&gt;00:00:07&lt;/td&gt;&#34;, &#34;&lt;td class=\&#34;col-links\&#34;&gt;&lt;/td&gt;&#34;], &#34;log&#34;: &#34;No log output captured.&#34;}], &#34;bwctest/tests/search/test_search_content_displayed.py::TestSearchContentDisplayed::test_search_with_a_category&#34;: [{&#34;extras&#34;: [], &#34;result&#34;: &#34;Passed&#34;, &#34;testId&#34;: &#34;bwctest/tests/search/test_search_content_displayed.py::TestSearchContentDisplayed::test_search_with_a_category&#34;, &#34;duration&#34;: &#34;00:00:05&#34;, &#34;resultsTableRow&#34;: [&#34;&lt;td class=\&#34;col-result\&#34;&gt;Passed&lt;/td&gt;&#34;, &#34;&lt;td class=\&#34;col-testId\&#34;&gt;bwctest/tests/search/test_search_content_displayed.py::TestSearchContentDisplayed::test_search_with_a_category&lt;/td&gt;&#34;, &#34;&lt;td class=\&#34;col-duration\&#34;&gt;00:00:05&lt;/td&gt;&#34;, &#34;&lt;td class=\&#34;col-links\&#34;&gt;&lt;/td&gt;&#34;], &#34;log&#34;: &#34;No log output captured.&#34;}], &#34;bwctest/tests/search/test_search_content_displayed.py::TestSearchContentDisplayed::test_search_with_two_categories&#34;: [{&#34;extras&#34;: [], &#34;result&#34;: &#34;Passed&#34;, &#34;testId&#34;: &#34;bwctest/tests/search/test_search_content_displayed.py::TestSearchContentDisplayed::test_search_with_two_categories&#34;, &#34;duration&#34;: &#34;00:00:05&#34;, &#34;resultsTableRow&#34;: [&#34;&lt;td class=\&#34;col-result\&#34;&gt;Passed&lt;/td&gt;&#34;, &#34;&lt;td class=\&#34;col-testId\&#34;&gt;bwctest/tests/search/test_search_content_displayed.py::TestSearchContentDisplayed::test_search_with_two_categories&lt;/td&gt;&#34;, &#34;&lt;td class=\&#34;col-duration\&#34;&gt;00:00:05&lt;/td&gt;&#34;, &#34;&lt;td class=\&#34;col-links\&#34;&gt;&lt;/td&gt;&#34;], &#34;log&#34;: &#34;No log output captured.&#34;}], &#34;bwctest/tests/search/test_search_content_displayed.py::TestSearchContentDisplayed::test_search_with_a_age&#34;: [{&#34;extras&#34;: [], &#34;result&#34;: &#34;Passed&#34;, &#34;testId&#34;: &#34;bwctest/tests/search/test_search_content_displayed.py::TestSearchContentDisplayed::test_search_with_a_age&#34;, &#34;duration&#34;: &#34;00:00:05&#34;, &#34;resultsTableRow&#34;: [&#34;&lt;td class=\&#34;col-result\&#34;&gt;Passed&lt;/td&gt;&#34;, &#34;&lt;td class=\&#34;col-testId\&#34;&gt;bwctest/tests/search/test_search_content_displayed.py::TestSearchContentDisplayed::test_search_with_a_age&lt;/td&gt;&#34;, &#34;&lt;td class=\&#34;col-duration\&#34;&gt;00:00:05&lt;/td&gt;&#34;, &#34;&lt;td class=\&#34;col-links\&#34;&gt;&lt;/td&gt;&#34;], &#34;log&#34;: &#34;No log output captured.&#34;}], &#34;bwctest/tests/search/test_search_content_displayed.py::TestSearchContentDisplayed::test_search_with_two_ages&#34;: [{&#34;extras&#34;: [], &#34;result&#34;: &#34;Passed&#34;, &#34;testId&#34;: &#34;bwctest/tests/search/test_search_content_displayed.py::TestSearchContentDisplayed::test_search_with_two_ages&#34;, &#34;duration&#34;: &#34;00:00:05&#34;, &#34;resultsTableRow&#34;: [&#34;&lt;td class=\&#34;col-result\&#34;&gt;Passed&lt;/td&gt;&#34;, &#34;&lt;td class=\&#34;col-testId\&#34;&gt;bwctest/tests/search/test_search_content_displayed.py::TestSearchContentDisplayed::test_search_with_two_ages&lt;/td&gt;&#34;, &#34;&lt;td class=\&#34;col-duration\&#34;&gt;00:00:05&lt;/td&gt;&#34;, &#34;&lt;td class=\&#34;col-links\&#34;&gt;&lt;/td&gt;&#34;], &#34;log&#34;: &#34;No log output captured.&#34;}], &#34;bwctest/tests/search/test_search_content_displayed.py::TestSearchContentDisplayed::test_search_with_a_category_and_a_age&#34;: [{&#34;extras&#34;: [], &#34;result&#34;: &#34;Passed&#34;, &#34;testId&#34;: &#34;bwctest/tests/search/test_search_content_displayed.py::TestSearchContentDisplayed::test_search_with_a_category_and_a_age&#34;, &#34;duration&#34;: &#34;00:00:05&#34;, &#34;resultsTableRow&#34;: [&#34;&lt;td class=\&#34;col-result\&#34;&gt;Passed&lt;/td&gt;&#34;, &#34;&lt;td class=\&#34;col-testId\&#34;&gt;bwctest/tests/search/test_search_content_displayed.py::TestSearchContentDisplayed::test_search_with_a_category_and_a_age&lt;/td&gt;&#34;, &#34;&lt;td class=\&#34;col-duration\&#34;&gt;00:00:05&lt;/td&gt;&#34;, &#34;&lt;td class=\&#34;col-links\&#34;&gt;&lt;/td&gt;&#34;], &#34;log&#34;: &#34;No log output captured.&#34;}], &#34;bwctest/tests/search/test_search_content_displayed.py::TestSearchContentDisplayed::test_search_with_all_checkboxes_empty&#34;: [{&#34;extras&#34;: [], &#34;result&#34;: &#34;Passed&#34;, &#34;testId&#34;: &#34;bwctest/tests/search/test_search_content_displayed.py::TestSearchContentDisplayed::test_search_with_all_checkboxes_empty&#34;, &#34;duration&#34;: &#34;00:00:05&#34;, &#34;resultsTableRow&#34;: [&#34;&lt;td class=\&#34;col-result\&#34;&gt;Passed&lt;/td&gt;&#34;, &#34;&lt;td class=\&#34;col-testId\&#34;&gt;bwctest/tests/search/test_search_content_displayed.py::TestSearchContentDisplayed::test_search_with_all_checkboxes_empty&lt;/td&gt;&#34;, &#34;&lt;td class=\&#34;col-duration\&#34;&gt;00:00:05&lt;/td&gt;&#34;, &#34;&lt;td class=\&#34;col-links\&#34;&gt;&lt;/td&gt;&#34;], &#34;log&#34;: &#34;No log output captured.&#34;}], &#34;bwctest/tests/site_detailed_page/test_edit_delete_sites_positive.py::TestEditDeleteSitesPositive::test_edit_site&#34;: [{&#34;extras&#34;: [], &#34;result&#34;: &#34;Passed&#34;, &#34;testId&#34;: &#34;bwctest/tests/site_detailed_page/test_edit_delete_sites_positive.py::TestEditDeleteSitesPositive::test_edit_site&#34;, &#34;duration&#34;: &#34;00:00:18&#34;, &#34;resultsTableRow&#34;: [&#34;&lt;td class=\&#34;col-result\&#34;&gt;Passed&lt;/td&gt;&#34;, &#34;&lt;td class=\&#34;col-testId\&#34;&gt;bwctest/tests/site_detailed_page/test_edit_delete_sites_positive.py::TestEditDeleteSitesPositive::test_edit_site&lt;/td&gt;&#34;, &#34;&lt;td class=\&#34;col-duration\&#34;&gt;00:00:18&lt;/td&gt;&#34;, &#34;&lt;td class=\&#34;col-links\&#34;&gt;&lt;/td&gt;&#34;], &#34;log&#34;: &#34;No log output captured.&#34;}], &#34;bwctest/tests/site_detailed_page/test_edit_delete_sites_positive.py::TestEditDeleteSitesPositive::test_delete_site&#34;: [{&#34;extras&#34;: [], &#34;result&#34;: &#34;Passed&#34;, &#34;testId&#34;: &#34;bwctest/tests/site_detailed_page/test_edit_delete_sites_positive.py::TestEditDeleteSitesPositive::test_delete_site&#34;, &#34;duration&#34;: &#34;00:00:15&#34;, &#34;resultsTableRow&#34;: [&#34;&lt;td class=\&#34;col-result\&#34;&gt;Passed&lt;/td&gt;&#34;, &#34;&lt;td class=\&#34;col-testId\&#34;&gt;bwctest/tests/site_detailed_page/test_edit_delete_sites_positive.py::TestEditDeleteSitesPositive::test_delete_site&lt;/td&gt;&#34;, &#34;&lt;td class=\&#34;col-duration\&#34;&gt;00:00:15&lt;/td&gt;&#34;, &#34;&lt;td class=\&#34;col-links\&#34;&gt;&lt;/td&gt;&#34;], &#34;log&#34;: &#34;No log output captured.&#34;}], &#34;bwctest/tests/site_detailed_page/test_edit_delete_sites_positive.py::TestEditDeleteSitesPositive::test_edit_site_without_change&#34;: [{&#34;extras&#34;: [], &#34;result&#34;: &#34;Passed&#34;, &#34;testId&#34;: &#34;bwctest/tests/site_detailed_page/test_edit_delete_sites_positive.py::TestEditDeleteSitesPositive::test_edit_site_without_change&#34;, &#34;duration&#34;: &#34;00:00:16&#34;, &#34;resultsTableRow&#34;: [&#34;&lt;td class=\&#34;col-result\&#34;&gt;Passed&lt;/td&gt;&#34;, &#34;&lt;td class=\&#34;col-testId\&#34;&gt;bwctest/tests/site_detailed_page/test_edit_delete_sites_positive.py::TestEditDeleteSitesPositive::test_edit_site_without_change&lt;/td&gt;&#34;, &#34;&lt;td class=\&#34;col-duration\&#34;&gt;00:00:16&lt;/td&gt;&#34;, &#34;&lt;td class=\&#34;col-links\&#34;&gt;&lt;/td&gt;&#34;], &#34;log&#34;: &#34;No log output captured.&#34;}], &#34;bwctest/tests/site_detailed_page/test_post_delete_reviews_negative.py::TestPostDeleteReviewsNegative::test_post_new_review_without_comment&#34;: [{&#34;extras&#34;: [], &#34;result&#34;: &#34;Failed&#34;, &#34;testId&#34;: &#34;bwctest/tests/site_detailed_page/test_post_delete_reviews_negative.py::TestPostDeleteReviewsNegative::test_post_new_review_without_comment&#34;, &#34;duration&#34;: &#34;00:00:17&#34;, &#34;resultsTableRow&#34;: [&#34;&lt;td class=\&#34;col-result\&#34;&gt;Failed&lt;/td&gt;&#34;, &#34;&lt;td class=\&#34;col-testId\&#34;&gt;bwctest/tests/site_detailed_page/test_post_delete_reviews_negative.py::TestPostDeleteReviewsNegative::test_post_new_review_without_comment&lt;/td&gt;&#34;, &#34;&lt;td class=\&#34;col-duration\&#34;&gt;00:00:17&lt;/td&gt;&#34;, &#34;&lt;td class=\&#34;col-links\&#34;&gt;&lt;/td&gt;&#34;], &#34;log&#34;: &#34;self = &amp;lt;src.SeleniumExtended.SeleniumExtended object at 0x000002B040EDA4D0&amp;gt;\nlocator = (&#39;css selector&#39;, &#39;div.card-body&#39;), timeout = 10\nerr = \&#34;Unable to find elements located by &#39;(&#39;css selector&#39;, &#39;div.card-body&#39;)&#39;\&#34;\n\n    def wait_and_get_elements(self, locator, timeout=None, err=None):\n        timeout = timeout if timeout else self.default_timeout\n        err = err if err else f\&#34;Unable to find elements located by &#39;{locator}&#39;\&#34;\n        f\&#34;After time of {timeout}\&#34;\n    \n        try:\n&amp;gt;           elements = WebDriverWait(self.driver, timeout).until(\n                EC.visibility_of_all_elements_located(locator))\n\nbwctest\\src\\SeleniumExtended.py:64: \n_ _ _ _ _ _ _ _ _ _ _ _ _ _ _ _ _ _ _ _ _ _ _ _ _ _ _ _ _ _ _ _ _ _ _ _ _ _ _ _ _ _ _ _ _ _ _ _ _ _ _ _ _ _ _ _ _ _\n\nself = &amp;lt;selenium.webdriver.support.wait.WebDriverWait (session=\&#34;2dab9eff-affc-4aca-9d5f-997d2d4ed797\&#34;)&amp;gt;\nmethod = &amp;lt;function visibility_of_all_elements_located.&amp;lt;locals&amp;gt;._predicate at 0x000002B04136C180&amp;gt;, message = &#39;&#39;\n\n    def until(self, method: Callable[[D], Union[Literal[False], T]], message: str = \&#34;\&#34;) -&amp;gt; T:\n        \&#34;\&#34;\&#34;Calls the method provided with the driver as an argument until the \\\n        return value does not evaluate to ``False``.\n    \n        :param method: callable(WebDriver)\n        :param message: optional message for :exc:`TimeoutException`\n        :returns: the result of the last call to `method`\n        :raises: :exc:`selenium.common.exceptions.TimeoutException` if timeout occurs\n        \&#34;\&#34;\&#34;\n        screen = None\n        stacktrace = None\n    \n        end_time = time.monotonic() + self._timeout\n        while True:\n            try:\n                value = method(self._driver)\n                if value:\n                    return value\n            except self._ignored_exceptions as exc:\n                screen = getattr(exc, \&#34;screen\&#34;, None)\n                stacktrace = getattr(exc, \&#34;stacktrace\&#34;, None)\n            time.sleep(self._poll)\n            if time.monotonic() &amp;gt; end_time:\n                break\n&amp;gt;       raise TimeoutException(message, screen, stacktrace)\nE       selenium.common.exceptions.TimeoutException: Message:\n\n..\\..\\..\\AppData\\Roaming\\Python\\Python311\\site-packages\\selenium\\webdriver\\support\\wait.py:105: TimeoutException\n\nDuring handling of the above exception, another exception occurred:\n\nself = &amp;lt;test_post_delete_reviews_negative.TestPostDeleteReviewsNegative object at 0x000002B040E05090&amp;gt;\n\n    @pytest.mark.tcid710\n    def test_post_new_review_without_comment(self):\n        login = LoginPage(self.driver)\n        sdp = SiteDetailedPage(self.driver)\n        alert = Alert(self.driver)\n    \n        login.valid_login()\n        self.driver.get(GenericConfigs.SITE_WITH_REVIEW_URL)\n    \n        number_of_reviews_before = len(sdp.get_all_reviews())\n        sdp.post_new_review(comment=\&#34;\&#34;)\n    \n        sdp.comment_invalid_alert_is_displayed()\n    \n&amp;gt;       number_of_reviews_after = len(sdp.get_all_reviews())\n\nbwctest\\tests\\site_detailed_page\\test_post_delete_reviews_negative.py:24: \n_ _ _ _ _ _ _ _ _ _ _ _ _ _ _ _ _ _ _ _ _ _ _ _ _ _ _ _ _ _ _ _ _ _ _ _ _ _ _ _ _ _ _ _ _ _ _ _ _ _ _ _ _ _ _ _ _ _\nbwctest\\src\\pages\\SiteDetailedPage.py:123: in get_all_reviews\n    return self.sl.wait_and_get_elements(self.SITE_REVIEWS)\n_ _ _ _ _ _ _ _ _ _ _ _ _ _ _ _ _ _ _ _ _ _ _ _ _ _ _ _ _ _ _ _ _ _ _ _ _ _ _ _ _ _ _ _ _ _ _ _ _ _ _ _ _ _ _ _ _ _\n\nself = &amp;lt;src.SeleniumExtended.SeleniumExtended object at 0x000002B040EDA4D0&amp;gt;\nlocator = (&#39;css selector&#39;, &#39;div.card-body&#39;), timeout = 10\nerr = \&#34;Unable to find elements located by &#39;(&#39;css selector&#39;, &#39;div.card-body&#39;)&#39;\&#34;\n\n    def wait_and_get_elements(self, locator, timeout=None, err=None):\n        timeout = timeout if timeout else self.default_timeout\n        err = err if err else f\&#34;Unable to find elements located by &#39;{locator}&#39;\&#34;\n        f\&#34;After time of {timeout}\&#34;\n    \n        try:\n            elements = WebDriverWait(self.driver, timeout).until(\n                EC.visibility_of_all_elements_located(locator))\n        except TimeoutException:\n&amp;gt;           raise TimeoutException(err)\nE           selenium.common.exceptions.TimeoutException: Message: Unable to find elements located by &#39;(&#39;css selector&#39;, &#39;div.card-body&#39;)&#39;\n\nbwctest\\src\\SeleniumExtended.py:67: TimeoutException\n&#34;}], &#34;bwctest/tests/site_detailed_page/test_post_delete_reviews_positive.py::TestPostDeleteReviewsPositive::test_post_new_review_as_registered_user&#34;: [{&#34;extras&#34;: [], &#34;result&#34;: &#34;Passed&#34;, &#34;testId&#34;: &#34;bwctest/tests/site_detailed_page/test_post_delete_reviews_positive.py::TestPostDeleteReviewsPositive::test_post_new_review_as_registered_user&#34;, &#34;duration&#34;: &#34;00:00:09&#34;, &#34;resultsTableRow&#34;: [&#34;&lt;td class=\&#34;col-result\&#34;&gt;Passed&lt;/td&gt;&#34;, &#34;&lt;td class=\&#34;col-testId\&#34;&gt;bwctest/tests/site_detailed_page/test_post_delete_reviews_positive.py::TestPostDeleteReviewsPositive::test_post_new_review_as_registered_user&lt;/td&gt;&#34;, &#34;&lt;td class=\&#34;col-duration\&#34;&gt;00:00:09&lt;/td&gt;&#34;, &#34;&lt;td class=\&#34;col-links\&#34;&gt;&lt;/td&gt;&#34;], &#34;log&#34;: &#34;No log output captured.&#34;}], &#34;bwctest/tests/site_detailed_page/test_post_delete_reviews_positive.py::TestPostDeleteReviewsPositive::test_delete_my_review&#34;: [{&#34;extras&#34;: [], &#34;result&#34;: &#34;Passed&#34;, &#34;testId&#34;: &#34;bwctest/tests/site_detailed_page/test_post_delete_reviews_positive.py::TestPostDeleteReviewsPositive::test_delete_my_review&#34;, &#34;duration&#34;: &#34;00:00:12&#34;, &#34;resultsTableRow&#34;: [&#34;&lt;td class=\&#34;col-result\&#34;&gt;Passed&lt;/td&gt;&#34;, &#34;&lt;td class=\&#34;col-testId\&#34;&gt;bwctest/tests/site_detailed_page/test_post_delete_reviews_positive.py::TestPostDeleteReviewsPositive::test_delete_my_review&lt;/td&gt;&#34;, &#34;&lt;td class=\&#34;col-duration\&#34;&gt;00:00:12&lt;/td&gt;&#34;, &#34;&lt;td class=\&#34;col-links\&#34;&gt;&lt;/td&gt;&#34;], &#34;log&#34;: &#34;No log output captured.&#34;}], &#34;bwctest/tests/site_detailed_page/test_site_detailed_page_contents_displayed.py::TestSiteDetailedPageContentDisplayed::test_site_info_is_displayed&#34;: [{&#34;extras&#34;: [], &#34;result&#34;: &#34;Passed&#34;, &#34;testId&#34;: &#34;bwctest/tests/site_detailed_page/test_site_detailed_page_contents_displayed.py::TestSiteDetailedPageContentDisplayed::test_site_info_is_displayed&#34;, &#34;duration&#34;: &#34;00:00:06&#34;, &#34;resultsTableRow&#34;: [&#34;&lt;td class=\&#34;col-result\&#34;&gt;Passed&lt;/td&gt;&#34;, &#34;&lt;td class=\&#34;col-testId\&#34;&gt;bwctest/tests/site_detailed_page/test_site_detailed_page_contents_displayed.py::TestSiteDetailedPageContentDisplayed::test_site_info_is_displayed&lt;/td&gt;&#34;, &#34;&lt;td class=\&#34;col-duration\&#34;&gt;00:00:06&lt;/td&gt;&#34;, &#34;&lt;td class=\&#34;col-links\&#34;&gt;&lt;/td&gt;&#34;], &#34;log&#34;: &#34;No log output captured.&#34;}], &#34;bwctest/tests/site_detailed_page/test_site_detailed_page_contents_displayed.py::TestSiteDetailedPageContentDisplayed::test_site_reviews_are_displayed&#34;: [{&#34;extras&#34;: [], &#34;result&#34;: &#34;Passed&#34;, &#34;testId&#34;: &#34;bwctest/tests/site_detailed_page/test_site_detailed_page_contents_displayed.py::TestSiteDetailedPageContentDisplayed::test_site_reviews_are_displayed&#34;, &#34;duration&#34;: &#34;659 ms&#34;, &#34;resultsTableRow&#34;: [&#34;&lt;td class=\&#34;col-result\&#34;&gt;Passed&lt;/td&gt;&#34;, &#34;&lt;td class=\&#34;col-testId\&#34;&gt;bwctest/tests/site_detailed_page/test_site_detailed_page_contents_displayed.py::TestSiteDetailedPageContentDisplayed::test_site_reviews_are_displayed&lt;/td&gt;&#34;, &#34;&lt;td class=\&#34;col-duration\&#34;&gt;659 ms&lt;/td&gt;&#34;, &#34;&lt;td class=\&#34;col-links\&#34;&gt;&lt;/td&gt;&#34;], &#34;log&#34;: &#34;No log output captured.&#34;}], &#34;bwctest/tests/site_detailed_page/test_site_detailed_page_contents_displayed.py::TestSiteDetailedPageContentDisplayed::test_site_review_label_is_displayed&#34;: [{&#34;extras&#34;: [], &#34;result&#34;: &#34;Passed&#34;, &#34;testId&#34;: &#34;bwctest/tests/site_detailed_page/test_site_detailed_page_contents_displayed.py::TestSiteDetailedPageContentDisplayed::test_site_review_label_is_displayed&#34;, &#34;duration&#34;: &#34;00:00:01&#34;, &#34;resultsTableRow&#34;: [&#34;&lt;td class=\&#34;col-result\&#34;&gt;Passed&lt;/td&gt;&#34;, &#34;&lt;td class=\&#34;col-testId\&#34;&gt;bwctest/tests/site_detailed_page/test_site_detailed_page_contents_displayed.py::TestSiteDetailedPageContentDisplayed::test_site_review_label_is_displayed&lt;/td&gt;&#34;, &#34;&lt;td class=\&#34;col-duration\&#34;&gt;00:00:01&lt;/td&gt;&#34;, &#34;&lt;td class=\&#34;col-links\&#34;&gt;&lt;/td&gt;&#34;], &#34;log&#34;: &#34;No log output captured.&#34;}], &#34;bwctest/tests/site_detailed_page/test_site_detailed_page_contents_displayed.py::TestSiteDetailedPageContentDisplayed::test_site_no_reviews_label_is_displayed&#34;: [{&#34;extras&#34;: [], &#34;result&#34;: &#34;Passed&#34;, &#34;testId&#34;: &#34;bwctest/tests/site_detailed_page/test_site_detailed_page_contents_displayed.py::TestSiteDetailedPageContentDisplayed::test_site_no_reviews_label_is_displayed&#34;, &#34;duration&#34;: &#34;00:00:01&#34;, &#34;resultsTableRow&#34;: [&#34;&lt;td class=\&#34;col-result\&#34;&gt;Passed&lt;/td&gt;&#34;, &#34;&lt;td class=\&#34;col-testId\&#34;&gt;bwctest/tests/site_detailed_page/test_site_detailed_page_contents_displayed.py::TestSiteDetailedPageContentDisplayed::test_site_no_reviews_label_is_displayed&lt;/td&gt;&#34;, &#34;&lt;td class=\&#34;col-duration\&#34;&gt;00:00:01&lt;/td&gt;&#34;, &#34;&lt;td class=\&#34;col-links\&#34;&gt;&lt;/td&gt;&#34;], &#34;log&#34;: &#34;No log output captured.&#34;}], &#34;bwctest/tests/site_detailed_page/test_site_detailed_page_contents_displayed.py::TestSiteDetailedPageContentDisplayed::test_contents_are_displayed_on_review&#34;: [{&#34;extras&#34;: [], &#34;result&#34;: &#34;Passed&#34;, &#34;testId&#34;: &#34;bwctest/tests/site_detailed_page/test_site_detailed_page_contents_displayed.py::TestSiteDetailedPageContentDisplayed::test_contents_are_displayed_on_review&#34;, &#34;duration&#34;: &#34;00:00:01&#34;, &#34;resultsTableRow&#34;: [&#34;&lt;td class=\&#34;col-result\&#34;&gt;Passed&lt;/td&gt;&#34;, &#34;&lt;td class=\&#34;col-testId\&#34;&gt;bwctest/tests/site_detailed_page/test_site_detailed_page_contents_displayed.py::TestSiteDetailedPageContentDisplayed::test_contents_are_displayed_on_review&lt;/td&gt;&#34;, &#34;&lt;td class=\&#34;col-duration\&#34;&gt;00:00:01&lt;/td&gt;&#34;, &#34;&lt;td class=\&#34;col-links\&#34;&gt;&lt;/td&gt;&#34;], &#34;log&#34;: &#34;No log output captured.&#34;}], &#34;bwctest/tests/site_detailed_page/test_site_detailed_page_contents_displayed.py::TestSiteDetailedPageContentDisplayed::test_post_review_button_is_not_displayed&#34;: [{&#34;extras&#34;: [], &#34;result&#34;: &#34;Passed&#34;, &#34;testId&#34;: &#34;bwctest/tests/site_detailed_page/test_site_detailed_page_contents_displayed.py::TestSiteDetailedPageContentDisplayed::test_post_review_button_is_not_displayed&#34;, &#34;duration&#34;: &#34;00:00:05&#34;, &#34;resultsTableRow&#34;: [&#34;&lt;td class=\&#34;col-result\&#34;&gt;Passed&lt;/td&gt;&#34;, &#34;&lt;td class=\&#34;col-testId\&#34;&gt;bwctest/tests/site_detailed_page/test_site_detailed_page_contents_displayed.py::TestSiteDetailedPageContentDisplayed::test_post_review_button_is_not_displayed&lt;/td&gt;&#34;, &#34;&lt;td class=\&#34;col-duration\&#34;&gt;00:00:05&lt;/td&gt;&#34;, &#34;&lt;td class=\&#34;col-links\&#34;&gt;&lt;/td&gt;&#34;], &#34;log&#34;: &#34;No log output captured.&#34;}], &#34;bwctest/tests/site_detailed_page/test_site_detailed_page_contents_displayed.py::TestSiteDetailedPageContentDisplayed::test_post_review_button_is_displayed_for_registered_user&#34;: [{&#34;extras&#34;: [], &#34;result&#34;: &#34;Passed&#34;, &#34;testId&#34;: &#34;bwctest/tests/site_detailed_page/test_site_detailed_page_contents_displayed.py::TestSiteDetailedPageContentDisplayed::test_post_review_button_is_displayed_for_registered_user&#34;, &#34;duration&#34;: &#34;00:00:07&#34;, &#34;resultsTableRow&#34;: [&#34;&lt;td class=\&#34;col-result\&#34;&gt;Passed&lt;/td&gt;&#34;, &#34;&lt;td class=\&#34;col-testId\&#34;&gt;bwctest/tests/site_detailed_page/test_site_detailed_page_contents_displayed.py::TestSiteDetailedPageContentDisplayed::test_post_review_button_is_displayed_for_registered_user&lt;/td&gt;&#34;, &#34;&lt;td class=\&#34;col-duration\&#34;&gt;00:00:07&lt;/td&gt;&#34;, &#34;&lt;td class=\&#34;col-links\&#34;&gt;&lt;/td&gt;&#34;], &#34;log&#34;: &#34;No log output captured.&#34;}], &#34;bwctest/tests/site_detailed_page/test_site_detailed_page_contents_displayed.py::TestSiteDetailedPageContentDisplayed::test_review_form_label_is_displayed_on_post_review_form&#34;: [{&#34;extras&#34;: [], &#34;result&#34;: &#34;Failed&#34;, &#34;testId&#34;: &#34;bwctest/tests/site_detailed_page/test_site_detailed_page_contents_displayed.py::TestSiteDetailedPageContentDisplayed::test_review_form_label_is_displayed_on_post_review_form&#34;, &#34;duration&#34;: &#34;00:00:16&#34;, &#34;resultsTableRow&#34;: [&#34;&lt;td class=\&#34;col-result\&#34;&gt;Failed&lt;/td&gt;&#34;, &#34;&lt;td class=\&#34;col-testId\&#34;&gt;bwctest/tests/site_detailed_page/test_site_detailed_page_contents_displayed.py::TestSiteDetailedPageContentDisplayed::test_review_form_label_is_displayed_on_post_review_form&lt;/td&gt;&#34;, &#34;&lt;td class=\&#34;col-duration\&#34;&gt;00:00:16&lt;/td&gt;&#34;, &#34;&lt;td class=\&#34;col-links\&#34;&gt;&lt;/td&gt;&#34;], &#34;log&#34;: &#34;self = &amp;lt;test_site_detailed_page_contents_displayed.TestSiteDetailedPageContentDisplayed object at 0x000002B040E15A90&amp;gt;\n\n    @pytest.mark.tcid711\n    def test_review_form_label_is_displayed_on_post_review_form(self):\n        login = LoginPage(self.driver)\n        sdp = SiteDetailedPage(self.driver)\n    \n        login.valid_login()\n        self.driver.get(GenericConfigs.SITE_WITH_REVIEW_URL)\n    \n        sdp.click_open_review_form_button()\n&amp;gt;       sdp.wait_until_review_form_label_is_displayed(\&#34;Post review\&#34;)\n\nbwctest\\tests\\site_detailed_page\\test_site_detailed_page_contents_displayed.py:86: \n_ _ _ _ _ _ _ _ _ _ _ _ _ _ _ _ _ _ _ _ _ _ _ _ _ _ _ _ _ _ _ _ _ _ _ _ _ _ _ _ _ _ _ _ _ _ _ _ _ _ _ _ _ _ _ _ _ _\nbwctest\\src\\pages\\SiteDetailedPage.py:132: in wait_until_review_form_label_is_displayed\n    self.sl.wait_until_element_contains_text(self.REVIEW_FORM_LABEL, exp_text)\nbwctest\\src\\SeleniumExtended.py:33: in wait_until_element_contains_text\n    WebDriverWait(self.driver, timeout).until(\n_ _ _ _ _ _ _ _ _ _ _ _ _ _ _ _ _ _ _ _ _ _ _ _ _ _ _ _ _ _ _ _ _ _ _ _ _ _ _ _ _ _ _ _ _ _ _ _ _ _ _ _ _ _ _ _ _ _\n\nself = &amp;lt;selenium.webdriver.support.wait.WebDriverWait (session=\&#34;5ae02486-b99c-4469-ab25-1a7afa0d65c8\&#34;)&amp;gt;\nmethod = &amp;lt;function text_to_be_present_in_element.&amp;lt;locals&amp;gt;._predicate at 0x000002B040EB84A0&amp;gt;, message = &#39;&#39;\n\n    def until(self, method: Callable[[D], Union[Literal[False], T]], message: str = \&#34;\&#34;) -&amp;gt; T:\n        \&#34;\&#34;\&#34;Calls the method provided with the driver as an argument until the \\\n        return value does not evaluate to ``False``.\n    \n        :param method: callable(WebDriver)\n        :param message: optional message for :exc:`TimeoutException`\n        :returns: the result of the last call to `method`\n        :raises: :exc:`selenium.common.exceptions.TimeoutException` if timeout occurs\n        \&#34;\&#34;\&#34;\n        screen = None\n        stacktrace = None\n    \n        end_time = time.monotonic() + self._timeout\n        while True:\n            try:\n                value = method(self._driver)\n                if value:\n                    return value\n            except self._ignored_exceptions as exc:\n                screen = getattr(exc, \&#34;screen\&#34;, None)\n                stacktrace = getattr(exc, \&#34;stacktrace\&#34;, None)\n            time.sleep(self._poll)\n            if time.monotonic() &amp;gt; end_time:\n                break\n&amp;gt;       raise TimeoutException(message, screen, stacktrace)\nE       selenium.common.exceptions.TimeoutException: Message:\n\n..\\..\\..\\AppData\\Roaming\\Python\\Python311\\site-packages\\selenium\\webdriver\\support\\wait.py:105: TimeoutException\n&#34;}], &#34;bwctest/tests/site_detailed_page/test_site_detailed_page_contents_displayed.py::TestSiteDetailedPageContentDisplayed::test_stars_are_selectable_on_post_review_form&#34;: [{&#34;extras&#34;: [], &#34;result&#34;: &#34;Passed&#34;, &#34;testId&#34;: &#34;bwctest/tests/site_detailed_page/test_site_detailed_page_contents_displayed.py::TestSiteDetailedPageContentDisplayed::test_stars_are_selectable_on_post_review_form&#34;, &#34;duration&#34;: &#34;00:00:06&#34;, &#34;resultsTableRow&#34;: [&#34;&lt;td class=\&#34;col-result\&#34;&gt;Passed&lt;/td&gt;&#34;, &#34;&lt;td class=\&#34;col-testId\&#34;&gt;bwctest/tests/site_detailed_page/test_site_detailed_page_contents_displayed.py::TestSiteDetailedPageContentDisplayed::test_stars_are_selectable_on_post_review_form&lt;/td&gt;&#34;, &#34;&lt;td class=\&#34;col-duration\&#34;&gt;00:00:06&lt;/td&gt;&#34;, &#34;&lt;td class=\&#34;col-links\&#34;&gt;&lt;/td&gt;&#34;], &#34;log&#34;: &#34;No log output captured.&#34;}], &#34;bwctest/tests/site_detailed_page/test_site_detailed_page_contents_displayed.py::TestSiteDetailedPageContentDisplayed::test_post_review_button_is_displayed_on_post_review_form&#34;: [{&#34;extras&#34;: [], &#34;result&#34;: &#34;Passed&#34;, &#34;testId&#34;: &#34;bwctest/tests/site_detailed_page/test_site_detailed_page_contents_displayed.py::TestSiteDetailedPageContentDisplayed::test_post_review_button_is_displayed_on_post_review_form&#34;, &#34;duration&#34;: &#34;00:00:06&#34;, &#34;resultsTableRow&#34;: [&#34;&lt;td class=\&#34;col-result\&#34;&gt;Passed&lt;/td&gt;&#34;, &#34;&lt;td class=\&#34;col-testId\&#34;&gt;bwctest/tests/site_detailed_page/test_site_detailed_page_contents_displayed.py::TestSiteDetailedPageContentDisplayed::test_post_review_button_is_displayed_on_post_review_form&lt;/td&gt;&#34;, &#34;&lt;td class=\&#34;col-duration\&#34;&gt;00:00:06&lt;/td&gt;&#34;, &#34;&lt;td class=\&#34;col-links\&#34;&gt;&lt;/td&gt;&#34;], &#34;log&#34;: &#34;No log output captured.&#34;}], &#34;bwctest/tests/site_detailed_page/test_site_detailed_page_contents_displayed.py::TestSiteDetailedPageContentDisplayed::test_delete_review_button_is_displayed&#34;: [{&#34;extras&#34;: [], &#34;result&#34;: &#34;Passed&#34;, &#34;testId&#34;: &#34;bwctest/tests/site_detailed_page/test_site_detailed_page_contents_displayed.py::TestSiteDetailedPageContentDisplayed::test_delete_review_button_is_displayed&#34;, &#34;duration&#34;: &#34;00:00:09&#34;, &#34;resultsTableRow&#34;: [&#34;&lt;td class=\&#34;col-result\&#34;&gt;Passed&lt;/td&gt;&#34;, &#34;&lt;td class=\&#34;col-testId\&#34;&gt;bwctest/tests/site_detailed_page/test_site_detailed_page_contents_displayed.py::TestSiteDetailedPageContentDisplayed::test_delete_review_button_is_displayed&lt;/td&gt;&#34;, &#34;&lt;td class=\&#34;col-duration\&#34;&gt;00:00:09&lt;/td&gt;&#34;, &#34;&lt;td class=\&#34;col-links\&#34;&gt;&lt;/td&gt;&#34;], &#34;log&#34;: &#34;No log output captured.&#34;}], &#34;bwctest/tests/site_detailed_page/test_site_detailed_page_contents_displayed.py::TestSiteDetailedPageContentDisplayed::test_edit_site_button_is_not_displayed&#34;: [{&#34;extras&#34;: [], &#34;result&#34;: &#34;Passed&#34;, &#34;testId&#34;: &#34;bwctest/tests/site_detailed_page/test_site_detailed_page_contents_displayed.py::TestSiteDetailedPageContentDisplayed::test_edit_site_button_is_not_displayed&#34;, &#34;duration&#34;: &#34;00:00:07&#34;, &#34;resultsTableRow&#34;: [&#34;&lt;td class=\&#34;col-result\&#34;&gt;Passed&lt;/td&gt;&#34;, &#34;&lt;td class=\&#34;col-testId\&#34;&gt;bwctest/tests/site_detailed_page/test_site_detailed_page_contents_displayed.py::TestSiteDetailedPageContentDisplayed::test_edit_site_button_is_not_displayed&lt;/td&gt;&#34;, &#34;&lt;td class=\&#34;col-duration\&#34;&gt;00:00:07&lt;/td&gt;&#34;, &#34;&lt;td class=\&#34;col-links\&#34;&gt;&lt;/td&gt;&#34;], &#34;log&#34;: &#34;No log output captured.&#34;}], &#34;bwctest/tests/site_detailed_page/test_site_detailed_page_contents_displayed.py::TestSiteDetailedPageContentDisplayed::test_edit_site_button_is_displayed_for_admin&#34;: [{&#34;extras&#34;: [], &#34;result&#34;: &#34;Passed&#34;, &#34;testId&#34;: &#34;bwctest/tests/site_detailed_page/test_site_detailed_page_contents_displayed.py::TestSiteDetailedPageContentDisplayed::test_edit_site_button_is_displayed_for_admin&#34;, &#34;duration&#34;: &#34;00:00:07&#34;, &#34;resultsTableRow&#34;: [&#34;&lt;td class=\&#34;col-result\&#34;&gt;Passed&lt;/td&gt;&#34;, &#34;&lt;td class=\&#34;col-testId\&#34;&gt;bwctest/tests/site_detailed_page/test_site_detailed_page_contents_displayed.py::TestSiteDetailedPageContentDisplayed::test_edit_site_button_is_displayed_for_admin&lt;/td&gt;&#34;, &#34;&lt;td class=\&#34;col-duration\&#34;&gt;00:00:07&lt;/td&gt;&#34;, &#34;&lt;td class=\&#34;col-links\&#34;&gt;&lt;/td&gt;&#34;], &#34;log&#34;: &#34;No log output captured.&#34;}], &#34;bwctest/tests/site_detailed_page/test_site_detailed_page_contents_displayed.py::TestSiteDetailedPageContentDisplayed::test_delete_site_button_is_not_displayed&#34;: [{&#34;extras&#34;: [], &#34;result&#34;: &#34;Passed&#34;, &#34;testId&#34;: &#34;bwctest/tests/site_detailed_page/test_site_detailed_page_contents_displayed.py::TestSiteDetailedPageContentDisplayed::test_delete_site_button_is_not_displayed&#34;, &#34;duration&#34;: &#34;00:00:07&#34;, &#34;resultsTableRow&#34;: [&#34;&lt;td class=\&#34;col-result\&#34;&gt;Passed&lt;/td&gt;&#34;, &#34;&lt;td class=\&#34;col-testId\&#34;&gt;bwctest/tests/site_detailed_page/test_site_detailed_page_contents_displayed.py::TestSiteDetailedPageContentDisplayed::test_delete_site_button_is_not_displayed&lt;/td&gt;&#34;, &#34;&lt;td class=\&#34;col-duration\&#34;&gt;00:00:07&lt;/td&gt;&#34;, &#34;&lt;td class=\&#34;col-links\&#34;&gt;&lt;/td&gt;&#34;], &#34;log&#34;: &#34;No log output captured.&#34;}], &#34;bwctest/tests/site_detailed_page/test_site_detailed_page_contents_displayed.py::TestSiteDetailedPageContentDisplayed::test_delete_site_button_is_displayed_for_admin&#34;: [{&#34;extras&#34;: [], &#34;result&#34;: &#34;Passed&#34;, &#34;testId&#34;: &#34;bwctest/tests/site_detailed_page/test_site_detailed_page_contents_displayed.py::TestSiteDetailedPageContentDisplayed::test_delete_site_button_is_displayed_for_admin&#34;, &#34;duration&#34;: &#34;00:00:07&#34;, &#34;resultsTableRow&#34;: [&#34;&lt;td class=\&#34;col-result\&#34;&gt;Passed&lt;/td&gt;&#34;, &#34;&lt;td class=\&#34;col-testId\&#34;&gt;bwctest/tests/site_detailed_page/test_site_detailed_page_contents_displayed.py::TestSiteDetailedPageContentDisplayed::test_delete_site_button_is_displayed_for_admin&lt;/td&gt;&#34;, &#34;&lt;td class=\&#34;col-duration\&#34;&gt;00:00:07&lt;/td&gt;&#34;, &#34;&lt;td class=\&#34;col-links\&#34;&gt;&lt;/td&gt;&#34;], &#34;log&#34;: &#34;No log output captured.&#34;}]}, &#34;renderCollapsed&#34;: [&#34;passed&#34;], &#34;initialSort&#34;: &#34;result&#34;, &#34;title&#34;: &#34;report.html&#34;}"></div>
    <script>
      (function(){function r(e,n,t){function o(i,f){if(!n[i]){if(!e[i]){var c="function"==typeof require&&require;if(!f&&c)return c(i,!0);if(u)return u(i,!0);var a=new Error("Cannot find module '"+i+"'");throw a.code="MODULE_NOT_FOUND",a}var p=n[i]={exports:{}};e[i][0].call(p.exports,function(r){var n=e[i][1][r];return o(n||r)},p,p.exports,r,e,n,t)}return n[i].exports}for(var u="function"==typeof require&&require,i=0;i<t.length;i++)o(t[i]);return o}return r})()({1:[function(require,module,exports){
const { getCollapsedCategory, setCollapsedIds } = require('./storage.js')

class DataManager {
    setManager(data) {
        const collapsedCategories = [...getCollapsedCategory(data.renderCollapsed)]
        const collapsedIds = []
        const tests = Object.values(data.tests).flat().map((test, index) => {
            const collapsed = collapsedCategories.includes(test.result.toLowerCase())
            const id = `test_${index}`
            if (collapsed) {
                collapsedIds.push(id)
            }
            return {
                ...test,
                id,
                collapsed,
            }
        })
        const dataBlob = { ...data, tests }
        this.data = { ...dataBlob }
        this.renderData = { ...dataBlob }
        setCollapsedIds(collapsedIds)
    }

    get allData() {
        return { ...this.data }
    }

    resetRender() {
        this.renderData = { ...this.data }
    }

    setRender(data) {
        this.renderData.tests = [...data]
    }

    toggleCollapsedItem(id) {
        this.renderData.tests = this.renderData.tests.map((test) =>
            test.id === id ? { ...test, collapsed: !test.collapsed } : test,
        )
    }

    set allCollapsed(collapsed) {
        this.renderData = { ...this.renderData, tests: [...this.renderData.tests.map((test) => (
            { ...test, collapsed }
        ))] }
    }

    get testSubset() {
        return [...this.renderData.tests]
    }

    get environment() {
        return this.renderData.environment
    }

    get initialSort() {
        return this.data.initialSort
    }
}

module.exports = {
    manager: new DataManager(),
}

},{"./storage.js":8}],2:[function(require,module,exports){
const mediaViewer = require('./mediaviewer.js')
const templateEnvRow = document.getElementById('template_environment_row')
const templateResult = document.getElementById('template_results-table__tbody')

function htmlToElements(html) {
    const temp = document.createElement('template')
    temp.innerHTML = html
    return temp.content.childNodes
}

const find = (selector, elem) => {
    if (!elem) {
        elem = document
    }
    return elem.querySelector(selector)
}

const findAll = (selector, elem) => {
    if (!elem) {
        elem = document
    }
    return [...elem.querySelectorAll(selector)]
}

const dom = {
    getStaticRow: (key, value) => {
        const envRow = templateEnvRow.content.cloneNode(true)
        const isObj = typeof value === 'object' && value !== null
        const values = isObj ? Object.keys(value).map((k) => `${k}: ${value[k]}`) : null

        const valuesElement = htmlToElements(
            values ? `<ul>${values.map((val) => `<li>${val}</li>`).join('')}<ul>` : `<div>${value}</div>`)[0]
        const td = findAll('td', envRow)
        td[0].textContent = key
        td[1].appendChild(valuesElement)

        return envRow
    },
    getResultTBody: ({ testId, id, log, extras, resultsTableRow, tableHtml, result, collapsed }) => {
        const resultBody = templateResult.content.cloneNode(true)
        resultBody.querySelector('tbody').classList.add(result.toLowerCase())
        resultBody.querySelector('tbody').id = testId
        resultBody.querySelector('.collapsible').dataset.id = id

        resultsTableRow.forEach((html) => {
            const t = document.createElement('template')
            t.innerHTML = html
            resultBody.querySelector('.collapsible').appendChild(t.content)
        })

        if (log) {
            // Wrap lines starting with "E" with span.error to color those lines red
            const wrappedLog = log.replace(/^E.*$/gm, (match) => `<span class="error">${match}</span>`)
            resultBody.querySelector('.log').innerHTML = wrappedLog
        } else {
            resultBody.querySelector('.log').remove()
        }

        if (collapsed) {
            resultBody.querySelector('.collapsible > td')?.classList.add('collapsed')
            resultBody.querySelector('.extras-row').classList.add('hidden')
        } else {
            resultBody.querySelector('.collapsible > td')?.classList.remove('collapsed')
        }

        const media = []
        extras?.forEach(({ name, format_type, content }) => {
            if (['image', 'video'].includes(format_type)) {
                media.push({ path: content, name, format_type })
            }

            if (format_type === 'html') {
                resultBody.querySelector('.extraHTML').insertAdjacentHTML('beforeend', `<div>${content}</div>`)
            }
        })
        mediaViewer.setup(resultBody, media)

        // Add custom html from the pytest_html_results_table_html hook
        tableHtml?.forEach((item) => {
            resultBody.querySelector('td[class="extra"]').insertAdjacentHTML('beforeend', item)
        })

        return resultBody
    },
}

module.exports = {
    dom,
    htmlToElements,
    find,
    findAll,
}

},{"./mediaviewer.js":6}],3:[function(require,module,exports){
const { manager } = require('./datamanager.js')
const { doSort } = require('./sort.js')
const storageModule = require('./storage.js')

const getFilteredSubSet = (filter) =>
    manager.allData.tests.filter(({ result }) => filter.includes(result.toLowerCase()))

const doInitFilter = () => {
    const currentFilter = storageModule.getVisible()
    const filteredSubset = getFilteredSubSet(currentFilter)
    manager.setRender(filteredSubset)
}

const doFilter = (type, show) => {
    if (show) {
        storageModule.showCategory(type)
    } else {
        storageModule.hideCategory(type)
    }

    const currentFilter = storageModule.getVisible()
    const filteredSubset = getFilteredSubSet(currentFilter)
    manager.setRender(filteredSubset)

    const sortColumn = storageModule.getSort()
    doSort(sortColumn, true)
}

module.exports = {
    doFilter,
    doInitFilter,
}

},{"./datamanager.js":1,"./sort.js":7,"./storage.js":8}],4:[function(require,module,exports){
const { redraw, bindEvents, renderStatic } = require('./main.js')
const { doInitFilter } = require('./filter.js')
const { doInitSort } = require('./sort.js')
const { manager } = require('./datamanager.js')
const data = JSON.parse(document.getElementById('data-container').dataset.jsonblob)

function init() {
    manager.setManager(data)
    doInitFilter()
    doInitSort()
    renderStatic()
    redraw()
    bindEvents()
}

init()

},{"./datamanager.js":1,"./filter.js":3,"./main.js":5,"./sort.js":7}],5:[function(require,module,exports){
const { dom, find, findAll } = require('./dom.js')
const { manager } = require('./datamanager.js')
const { doSort } = require('./sort.js')
const { doFilter } = require('./filter.js')
const {
    getVisible,
    getCollapsedIds,
    setCollapsedIds,
    getSort,
    getSortDirection,
    possibleFilters,
} = require('./storage.js')

const removeChildren = (node) => {
    while (node.firstChild) {
        node.removeChild(node.firstChild)
    }
}

const renderStatic = () => {
    const renderEnvironmentTable = () => {
        const environment = manager.environment
        const rows = Object.keys(environment).map((key) => dom.getStaticRow(key, environment[key]))
        const table = document.getElementById('environment')
        removeChildren(table)
        rows.forEach((row) => table.appendChild(row))
    }
    renderEnvironmentTable()
}

const addItemToggleListener = (elem) => {
    elem.addEventListener('click', ({ target }) => {
        const id = target.parentElement.dataset.id
        manager.toggleCollapsedItem(id)

        const collapsedIds = getCollapsedIds()
        if (collapsedIds.includes(id)) {
            const updated = collapsedIds.filter((item) => item !== id)
            setCollapsedIds(updated)
        } else {
            collapsedIds.push(id)
            setCollapsedIds(collapsedIds)
        }
        redraw()
    })
}

const renderContent = (tests) => {
    const sortAttr = getSort(manager.initialSort)
    const sortAsc = JSON.parse(getSortDirection())
    const rows = tests.map(dom.getResultTBody)
    const table = document.getElementById('results-table')
    const tableHeader = document.getElementById('results-table-head')

    const newTable = document.createElement('table')
    newTable.id = 'results-table'

    // remove all sorting classes and set the relevant
    findAll('.sortable', tableHeader).forEach((elem) => elem.classList.remove('asc', 'desc'))
    tableHeader.querySelector(`.sortable[data-column-type="${sortAttr}"]`).classList.add(sortAsc ? 'desc' : 'asc')
    newTable.appendChild(tableHeader)

    if (!rows.length) {
        const emptyTable = document.getElementById('template_results-table__body--empty').content.cloneNode(true)
        newTable.appendChild(emptyTable)
    } else {
        rows.forEach((row) => {
            if (!!row) {
                findAll('.collapsible td:not(.col-links', row).forEach(addItemToggleListener)
                find('.logexpander', row).addEventListener('click',
                    (evt) => evt.target.parentNode.classList.toggle('expanded'),
                )
                newTable.appendChild(row)
            }
        })
    }

    table.replaceWith(newTable)
}

const renderDerived = () => {
    const currentFilter = getVisible()
    possibleFilters.forEach((result) => {
        const input = document.querySelector(`input[data-test-result="${result}"]`)
        input.checked = currentFilter.includes(result)
    })
}

const bindEvents = () => {
    const filterColumn = (evt) => {
        const { target: element } = evt
        const { testResult } = element.dataset

        doFilter(testResult, element.checked)
        const collapsedIds = getCollapsedIds()
        const updated = manager.renderData.tests.map((test) => {
            return {
                ...test,
                collapsed: collapsedIds.includes(test.id),
            }
        })
        manager.setRender(updated)
        redraw()
    }

    const header = document.getElementById('environment-header')
    header.addEventListener('click', () => {
        const table = document.getElementById('environment')
        table.classList.toggle('hidden')
        header.classList.toggle('collapsed')
    })

    findAll('input[name="filter_checkbox"]').forEach((elem) => {
        elem.addEventListener('click', filterColumn)
    })

    findAll('.sortable').forEach((elem) => {
        elem.addEventListener('click', (evt) => {
            const { target: element } = evt
            const { columnType } = element.dataset
            doSort(columnType)
            redraw()
        })
    })

    document.getElementById('show_all_details').addEventListener('click', () => {
        manager.allCollapsed = false
        setCollapsedIds([])
        redraw()
    })
    document.getElementById('hide_all_details').addEventListener('click', () => {
        manager.allCollapsed = true
        const allIds = manager.renderData.tests.map((test) => test.id)
        setCollapsedIds(allIds)
        redraw()
    })
}

const redraw = () => {
    const { testSubset } = manager

    renderContent(testSubset)
    renderDerived()
}

module.exports = {
    redraw,
    bindEvents,
    renderStatic,
}

},{"./datamanager.js":1,"./dom.js":2,"./filter.js":3,"./sort.js":7,"./storage.js":8}],6:[function(require,module,exports){
class MediaViewer {
    constructor(assets) {
        this.assets = assets
        this.index = 0
    }

    nextActive() {
        this.index = this.index === this.assets.length - 1 ? 0 : this.index + 1
        return [this.activeFile, this.index]
    }

    prevActive() {
        this.index = this.index === 0 ? this.assets.length - 1 : this.index -1
        return [this.activeFile, this.index]
    }

    get currentIndex() {
        return this.index
    }

    get activeFile() {
        return this.assets[this.index]
    }
}


const setup = (resultBody, assets) => {
    if (!assets.length) {
        resultBody.querySelector('.media').classList.add('hidden')
        return
    }

    const mediaViewer = new MediaViewer(assets)
    const container = resultBody.querySelector('.media-container')
    const leftArrow = resultBody.querySelector('.media-container__nav--left')
    const rightArrow = resultBody.querySelector('.media-container__nav--right')
    const mediaName = resultBody.querySelector('.media__name')
    const counter = resultBody.querySelector('.media__counter')
    const imageEl = resultBody.querySelector('img')
    const sourceEl = resultBody.querySelector('source')
    const videoEl = resultBody.querySelector('video')

    const setImg = (media, index) => {
        if (media?.format_type === 'image') {
            imageEl.src = media.path

            imageEl.classList.remove('hidden')
            videoEl.classList.add('hidden')
        } else if (media?.format_type === 'video') {
            sourceEl.src = media.path

            videoEl.classList.remove('hidden')
            imageEl.classList.add('hidden')
        }

        mediaName.innerText = media?.name
        counter.innerText = `${index + 1} / ${assets.length}`
    }
    setImg(mediaViewer.activeFile, mediaViewer.currentIndex)

    const moveLeft = () => {
        const [media, index] = mediaViewer.prevActive()
        setImg(media, index)
    }
    const doRight = () => {
        const [media, index] = mediaViewer.nextActive()
        setImg(media, index)
    }
    const openImg = () => {
        window.open(mediaViewer.activeFile.path, '_blank')
    }
    if (assets.length === 1) {
        container.classList.add('media-container--fullscreen')
    } else {
        leftArrow.addEventListener('click', moveLeft)
        rightArrow.addEventListener('click', doRight)
    }
    imageEl.addEventListener('click', openImg)
}

module.exports = {
    setup,
}

},{}],7:[function(require,module,exports){
const { manager } = require('./datamanager.js')
const storageModule = require('./storage.js')

const genericSort = (list, key, ascending, customOrder) => {
    let sorted
    if (customOrder) {
        sorted = list.sort((a, b) => {
            const aValue = a.result.toLowerCase()
            const bValue = b.result.toLowerCase()

            const aIndex = customOrder.findIndex((item) => item.toLowerCase() === aValue)
            const bIndex = customOrder.findIndex((item) => item.toLowerCase() === bValue)

            // Compare the indices to determine the sort order
            return aIndex - bIndex
        })
    } else {
        sorted = list.sort((a, b) => a[key] === b[key] ? 0 : a[key] > b[key] ? 1 : -1)
    }

    if (ascending) {
        sorted.reverse()
    }
    return sorted
}

const durationSort = (list, ascending) => {
    const parseDuration = (duration) => {
        if (duration.includes(':')) {
            // If it's in the format "HH:mm:ss"
            const [hours, minutes, seconds] = duration.split(':').map(Number)
            return (hours * 3600 + minutes * 60 + seconds) * 1000
        } else {
            // If it's in the format "nnn ms"
            return parseInt(duration)
        }
    }
    const sorted = list.sort((a, b) => parseDuration(a['duration']) - parseDuration(b['duration']))
    if (ascending) {
        sorted.reverse()
    }
    return sorted
}

const doInitSort = () => {
    const type = storageModule.getSort(manager.initialSort)
    const ascending = storageModule.getSortDirection()
    const list = manager.testSubset
    const initialOrder = ['Error', 'Failed', 'Rerun', 'XFailed', 'XPassed', 'Skipped', 'Passed']

    storageModule.setSort(type)
    storageModule.setSortDirection(ascending)

    if (type?.toLowerCase() === 'original') {
        manager.setRender(list)
    } else {
        let sortedList
        switch (type) {
        case 'duration':
            sortedList = durationSort(list, ascending)
            break
        case 'result':
            sortedList = genericSort(list, type, ascending, initialOrder)
            break
        default:
            sortedList = genericSort(list, type, ascending)
            break
        }
        manager.setRender(sortedList)
    }
}

const doSort = (type, skipDirection) => {
    const newSortType = storageModule.getSort(manager.initialSort) !== type
    const currentAsc = storageModule.getSortDirection()
    let ascending
    if (skipDirection) {
        ascending = currentAsc
    } else {
        ascending = newSortType ? false : !currentAsc
    }
    storageModule.setSort(type)
    storageModule.setSortDirection(ascending)

    const list = manager.testSubset
    const sortedList = type === 'duration' ? durationSort(list, ascending) : genericSort(list, type, ascending)
    manager.setRender(sortedList)
}

module.exports = {
    doInitSort,
    doSort,
}

},{"./datamanager.js":1,"./storage.js":8}],8:[function(require,module,exports){
const possibleFilters = [
    'passed',
    'skipped',
    'failed',
    'error',
    'xfailed',
    'xpassed',
    'rerun',
]

const getVisible = () => {
    const url = new URL(window.location.href)
    const settings = new URLSearchParams(url.search).get('visible')
    const lower = (item) => {
        const lowerItem = item.toLowerCase()
        if (possibleFilters.includes(lowerItem)) {
            return lowerItem
        }
        return null
    }
    return settings === null ?
        possibleFilters :
        [...new Set(settings?.split(',').map(lower).filter((item) => item))]
}

const hideCategory = (categoryToHide) => {
    const url = new URL(window.location.href)
    const visibleParams = new URLSearchParams(url.search).get('visible')
    const currentVisible = visibleParams ? visibleParams.split(',') : [...possibleFilters]
    const settings = [...new Set(currentVisible)].filter((f) => f !== categoryToHide).join(',')

    url.searchParams.set('visible', settings)
    window.history.pushState({}, null, unescape(url.href))
}

const showCategory = (categoryToShow) => {
    if (typeof window === 'undefined') {
        return
    }
    const url = new URL(window.location.href)
    const currentVisible = new URLSearchParams(url.search).get('visible')?.split(',').filter(Boolean) ||
        [...possibleFilters]
    const settings = [...new Set([categoryToShow, ...currentVisible])]
    const noFilter = possibleFilters.length === settings.length || !settings.length

    noFilter ? url.searchParams.delete('visible') : url.searchParams.set('visible', settings.join(','))
    window.history.pushState({}, null, unescape(url.href))
}

const getSort = (initialSort) => {
    const url = new URL(window.location.href)
    let sort = new URLSearchParams(url.search).get('sort')
    if (!sort) {
        sort = initialSort || 'result'
    }
    return sort
}

const setSort = (type) => {
    const url = new URL(window.location.href)
    url.searchParams.set('sort', type)
    window.history.pushState({}, null, unescape(url.href))
}

const getCollapsedCategory = (renderCollapsed) => {
    let categories
    if (typeof window !== 'undefined') {
        const url = new URL(window.location.href)
        const collapsedItems = new URLSearchParams(url.search).get('collapsed')
        switch (true) {
        case !renderCollapsed && collapsedItems === null:
            categories = ['passed']
            break
        case collapsedItems?.length === 0 || /^["']{2}$/.test(collapsedItems):
            categories = []
            break
        case /^all$/.test(collapsedItems) || collapsedItems === null && /^all$/.test(renderCollapsed):
            categories = [...possibleFilters]
            break
        default:
            categories = collapsedItems?.split(',').map((item) => item.toLowerCase()) || renderCollapsed
            break
        }
    } else {
        categories = []
    }
    return categories
}

const getSortDirection = () => JSON.parse(sessionStorage.getItem('sortAsc')) || false
const setSortDirection = (ascending) => sessionStorage.setItem('sortAsc', ascending)

const getCollapsedIds = () => JSON.parse(sessionStorage.getItem('collapsedIds')) || []
const setCollapsedIds = (list) => sessionStorage.setItem('collapsedIds', JSON.stringify(list))

module.exports = {
    getVisible,
    hideCategory,
    showCategory,
    getCollapsedIds,
    setCollapsedIds,
    getSort,
    setSort,
    getSortDirection,
    setSortDirection,
    getCollapsedCategory,
    possibleFilters,
}

},{}]},{},[4]);
    </script>
  </footer>
</html>